2013-05-31 19:38:17 [INFO]:欢迎使用JDiy框架! (应用模式：javaSE. 本地化语言：zh_CN 简体中文)   net.jdiy.core.JDiyContext.newInstance(JDiyContext.java:35) 
2013-05-31 19:38:17 [INFO]:已经载入JDiy配置文件,正在验证配置文件的有效性......   net.jdiy.core.ContextImpl.loadXml(ContextImpl.java:137) 
2013-05-31 19:38:17 [INFO]:配置文件验证通过,正在载入配置信息...   net.jdiy.core.ContextImpl.loadXml(ContextImpl.java:145) 
2013-05-31 19:38:18 [INFO]:配置定义为显示SQL语句,如需隐藏SQL语句,请更改JDiy配置文件设置databases节点的属性showSql=false。   net.jdiy.core.ContextImpl.processDatabase(ContextImpl.java:153) 
2013-05-31 19:38:18 [INFO]:默认数据库为 'def'   net.jdiy.core.ContextImpl.processDatabase(ContextImpl.java:157) 
2013-05-31 19:38:18 [INFO]:已配置了2个数据库连接。   net.jdiy.core.ContextImpl.processDatabase(ContextImpl.java:160) 
2013-05-31 19:38:18 [INFO]:JDiy核心配置已经成功加载！   net.jdiy.core.ContextImpl.<init>(ContextImpl.java:37) 
2013-05-31 19:38:18 [INFO]:成功注册连接池:jdbc:mysql://127.0.0.2:3306/spiderinfo?useUnicode=true&characterEncoding=UTF8&characterSetResults=UTF8   net.jdiy.core.db.ConnPool.create(ConnPool.java:128) 
2013-05-31 19:38:19 [INFO]:select * from tb_contest where is_frozen = 0   net.jdiy.core.DaoImpl.ls(DaoImpl.java:189) 
2013-05-31 19:38:19 [INFO]:#开始抓取 ： http://acm.hdu.edu.cn/vip/contest_list.php   com.tzc.job.SpiderContest.getContestIntoDB(SpiderContest.java:70) 
2013-05-31 19:38:19 [INFO]:#重试第0次抓取   com.tzc.job.SpiderContest.spiderContest(SpiderContest.java:105) 
2013-05-31 19:38:20 [INFO]:#结束抓取 ： http://acm.hdu.edu.cn/vip/contest_list.php   com.tzc.job.SpiderContest.getContestIntoDB(SpiderContest.java:72) 
2013-05-31 19:38:20 [INFO]:select * from tb_regex where contest_url like '%http://acm.hdu.edu.cn/%'   net.jdiy.core.DaoImpl.ls(DaoImpl.java:189) 
2013-05-31 19:38:21 [INFO]:#开始抓取 ： http://acm.zju.edu.cn/onlinejudge/   com.tzc.job.SpiderContest.updateContest(SpiderContest.java:45) 
2013-05-31 19:38:24 [INFO]:#结束抓取 ： http://acm.zju.edu.cn/onlinejudge/   com.tzc.job.SpiderContest.updateContest(SpiderContest.java:47) 
2013-05-31 19:38:24 [INFO]:#开始抓取 ： http://acm.zju.edu.cn/onlinejudge/contestInfo.do?contestId=347   com.tzc.job.SpiderContest.getContestIntoDB(SpiderContest.java:70) 
2013-05-31 19:38:24 [INFO]:#重试第0次抓取   com.tzc.job.SpiderContest.spiderContest(SpiderContest.java:105) 
2013-05-31 19:38:25 [INFO]:#结束抓取 ： http://acm.zju.edu.cn/onlinejudge/contestInfo.do?contestId=347   com.tzc.job.SpiderContest.getContestIntoDB(SpiderContest.java:72) 
2013-05-31 19:38:25 [INFO]:select * from tb_regex where contest_url like '%http://acm.zju.edu.cn/%'   net.jdiy.core.DaoImpl.ls(DaoImpl.java:189) 
2013-05-31 19:38:25 [ERROR]:#正则匹配出错   com.tzc.utils.RegexUtil.getStringByRegex(RegexUtil.java:21) 
2013-05-31 19:38:25 [ERROR]:#正则匹配出错   com.tzc.utils.RegexUtil.getStringByRegex(RegexUtil.java:21) 
2013-05-31 19:38:25 [INFO]:insert ignore into tb_contest_info(oj,link,name,start_time,week,access) values('ZJU','http://acm.zju.edu.cn/onlinejudge/contestInfo.do?contestId=347','The 10th Zhejiang Provincial Collegiate Programming Contest','2013-5-11 13:00:00','Sat','Public')   net.jdiy.core.DaoImpl.exec(DaoImpl.java:151) 
2013-05-31 19:38:25 [INFO]:影响的记录行数: 0。   net.jdiy.core.DaoImpl.exec(DaoImpl.java:153) 
2013-05-31 19:38:25 [INFO]:#开始抓取 ： http://acm.zju.edu.cn/onlinejudge/contestInfo.do?contestId=346   com.tzc.job.SpiderContest.getContestIntoDB(SpiderContest.java:70) 
2013-05-31 19:38:25 [INFO]:#重试第0次抓取   com.tzc.job.SpiderContest.spiderContest(SpiderContest.java:105) 
2013-05-31 19:38:25 [INFO]:#结束抓取 ： http://acm.zju.edu.cn/onlinejudge/contestInfo.do?contestId=346   com.tzc.job.SpiderContest.getContestIntoDB(SpiderContest.java:72) 
2013-05-31 19:38:25 [INFO]:select * from tb_regex where contest_url like '%http://acm.zju.edu.cn/%'   net.jdiy.core.DaoImpl.ls(DaoImpl.java:189) 
2013-05-31 19:38:25 [ERROR]:#正则匹配出错   com.tzc.utils.RegexUtil.getStringByRegex(RegexUtil.java:21) 
2013-05-31 19:38:25 [ERROR]:#正则匹配出错   com.tzc.utils.RegexUtil.getStringByRegex(RegexUtil.java:21) 
2013-05-31 19:38:25 [INFO]:insert ignore into tb_contest_info(oj,link,name,start_time,week,access) values('ZJU','http://acm.zju.edu.cn/onlinejudge/contestInfo.do?contestId=346','The 13th Zhejiang University Programming Contest','2013-4-20 12:25:00','Sat','Public')   net.jdiy.core.DaoImpl.exec(DaoImpl.java:151) 
2013-05-31 19:38:25 [INFO]:影响的记录行数: 0。   net.jdiy.core.DaoImpl.exec(DaoImpl.java:153) 
2013-05-31 19:38:25 [INFO]:#开始抓取 ： http://acm.zju.edu.cn/onlinejudge/contestInfo.do?contestId=345   com.tzc.job.SpiderContest.getContestIntoDB(SpiderContest.java:70) 
2013-05-31 19:38:25 [INFO]:#重试第0次抓取   com.tzc.job.SpiderContest.spiderContest(SpiderContest.java:105) 
2013-05-31 19:38:26 [INFO]:#结束抓取 ： http://acm.zju.edu.cn/onlinejudge/contestInfo.do?contestId=345   com.tzc.job.SpiderContest.getContestIntoDB(SpiderContest.java:72) 
2013-05-31 19:38:26 [INFO]:select * from tb_regex where contest_url like '%http://acm.zju.edu.cn/%'   net.jdiy.core.DaoImpl.ls(DaoImpl.java:189) 
2013-05-31 19:38:26 [ERROR]:#正则匹配出错   com.tzc.utils.RegexUtil.getStringByRegex(RegexUtil.java:21) 
2013-05-31 19:38:26 [ERROR]:#正则匹配出错   com.tzc.utils.RegexUtil.getStringByRegex(RegexUtil.java:21) 
2013-05-31 19:38:26 [INFO]:insert ignore into tb_contest_info(oj,link,name,start_time,week,access) values('ZJU','http://acm.zju.edu.cn/onlinejudge/contestInfo.do?contestId=345','ZOJ Monthly, March 2013','2013-3-31 12:00:00','Sun','Public')   net.jdiy.core.DaoImpl.exec(DaoImpl.java:151) 
2013-05-31 19:38:26 [INFO]:影响的记录行数: 0。   net.jdiy.core.DaoImpl.exec(DaoImpl.java:153) 
2013-05-31 19:38:26 [INFO]:#开始抓取 ： http://acm.zju.edu.cn/onlinejudge/contestInfo.do?contestId=344   com.tzc.job.SpiderContest.getContestIntoDB(SpiderContest.java:70) 
2013-05-31 19:38:26 [INFO]:#重试第0次抓取   com.tzc.job.SpiderContest.spiderContest(SpiderContest.java:105) 
2013-05-31 19:38:26 [INFO]:#结束抓取 ： http://acm.zju.edu.cn/onlinejudge/contestInfo.do?contestId=344   com.tzc.job.SpiderContest.getContestIntoDB(SpiderContest.java:72) 
2013-05-31 19:38:26 [INFO]:select * from tb_regex where contest_url like '%http://acm.zju.edu.cn/%'   net.jdiy.core.DaoImpl.ls(DaoImpl.java:189) 
2013-05-31 19:38:26 [ERROR]:#正则匹配出错   com.tzc.utils.RegexUtil.getStringByRegex(RegexUtil.java:21) 
2013-05-31 19:38:26 [ERROR]:#正则匹配出错   com.tzc.utils.RegexUtil.getStringByRegex(RegexUtil.java:21) 
2013-05-31 19:38:26 [INFO]:insert ignore into tb_contest_info(oj,link,name,start_time,week,access) values('ZJU','http://acm.zju.edu.cn/onlinejudge/contestInfo.do?contestId=344','ZOJ Monthly, January 2013','2013-1-21 12:00:00','Mon','Public')   net.jdiy.core.DaoImpl.exec(DaoImpl.java:151) 
2013-05-31 19:38:26 [INFO]:影响的记录行数: 0。   net.jdiy.core.DaoImpl.exec(DaoImpl.java:153) 
2013-05-31 19:38:26 [INFO]:#开始抓取 ： http://acm.zju.edu.cn/onlinejudge/contestInfo.do?contestId=343   com.tzc.job.SpiderContest.getContestIntoDB(SpiderContest.java:70) 
2013-05-31 19:38:26 [INFO]:#重试第0次抓取   com.tzc.job.SpiderContest.spiderContest(SpiderContest.java:105) 
2013-05-31 19:38:26 [INFO]:#结束抓取 ： http://acm.zju.edu.cn/onlinejudge/contestInfo.do?contestId=343   com.tzc.job.SpiderContest.getContestIntoDB(SpiderContest.java:72) 
2013-05-31 19:38:26 [INFO]:select * from tb_regex where contest_url like '%http://acm.zju.edu.cn/%'   net.jdiy.core.DaoImpl.ls(DaoImpl.java:189) 
2013-05-31 19:38:26 [ERROR]:#正则匹配出错   com.tzc.utils.RegexUtil.getStringByRegex(RegexUtil.java:21) 
2013-05-31 19:38:26 [ERROR]:#正则匹配出错   com.tzc.utils.RegexUtil.getStringByRegex(RegexUtil.java:21) 
2013-05-31 19:38:26 [INFO]:insert ignore into tb_contest_info(oj,link,name,start_time,week,access) values('ZJU','http://acm.zju.edu.cn/onlinejudge/contestInfo.do?contestId=343','ZOJ Monthly, November 2012','2012-11-25 12:00:00','Sun','Public')   net.jdiy.core.DaoImpl.exec(DaoImpl.java:151) 
2013-05-31 19:38:26 [INFO]:影响的记录行数: 0。   net.jdiy.core.DaoImpl.exec(DaoImpl.java:153) 
2013-05-31 19:38:26 [INFO]:#开始抓取 ： http://acm.zju.edu.cn/onlinejudge/contestInfo.do?contestId=342   com.tzc.job.SpiderContest.getContestIntoDB(SpiderContest.java:70) 
2013-05-31 19:38:26 [INFO]:#重试第0次抓取   com.tzc.job.SpiderContest.spiderContest(SpiderContest.java:105) 
2013-05-31 19:38:27 [INFO]:#结束抓取 ： http://acm.zju.edu.cn/onlinejudge/contestInfo.do?contestId=342   com.tzc.job.SpiderContest.getContestIntoDB(SpiderContest.java:72) 
2013-05-31 19:38:27 [INFO]:select * from tb_regex where contest_url like '%http://acm.zju.edu.cn/%'   net.jdiy.core.DaoImpl.ls(DaoImpl.java:189) 
2013-05-31 19:38:27 [ERROR]:#正则匹配出错   com.tzc.utils.RegexUtil.getStringByRegex(RegexUtil.java:21) 
2013-05-31 19:38:27 [ERROR]:#正则匹配出错   com.tzc.utils.RegexUtil.getStringByRegex(RegexUtil.java:21) 
2013-05-31 19:38:27 [INFO]:insert ignore into tb_contest_info(oj,link,name,start_time,week,access) values('ZJU','http://acm.zju.edu.cn/onlinejudge/contestInfo.do?contestId=342','The 2012 ACM-ICPC Asia Changchun Regional Contest','2012-10-14 15:10:00','Sun','Public')   net.jdiy.core.DaoImpl.exec(DaoImpl.java:151) 
2013-05-31 19:38:27 [INFO]:影响的记录行数: 0。   net.jdiy.core.DaoImpl.exec(DaoImpl.java:153) 
2013-05-31 19:38:27 [INFO]:#开始抓取 ： http://acm.hdu.edu.cn/contests/contest_list.php   com.tzc.job.SpiderContest.getContestIntoDB(SpiderContest.java:70) 
2013-05-31 19:38:27 [INFO]:#重试第0次抓取   com.tzc.job.SpiderContest.spiderContest(SpiderContest.java:105) 
2013-05-31 19:38:29 [INFO]:#结束抓取 ： http://acm.hdu.edu.cn/contests/contest_list.php   com.tzc.job.SpiderContest.getContestIntoDB(SpiderContest.java:72) 
2013-05-31 19:38:29 [INFO]:select * from tb_regex where contest_url like '%http://acm.hdu.edu.cn/contests/%'   net.jdiy.core.DaoImpl.ls(DaoImpl.java:189) 
2013-05-31 19:38:29 [INFO]:insert ignore into tb_contest_info(oj,link,name,start_time,week,access) values('HDU','http://acm.hdu.edu.cn/contests/contest_show.php?cid=464','2013 Multi-University Training Contest 10','2013-8-22 12:00:00','Thu','Private')   net.jdiy.core.DaoImpl.exec(DaoImpl.java:151) 
2013-05-31 19:38:29 [INFO]:影响的记录行数: 0。   net.jdiy.core.DaoImpl.exec(DaoImpl.java:153) 
2013-05-31 19:38:29 [INFO]:insert ignore into tb_contest_info(oj,link,name,start_time,week,access) values('HDU','http://acm.hdu.edu.cn/contests/contest_show.php?cid=463','2013 Multi-University Training Contest 9','2013-8-20 12:00:00','Tue','Private')   net.jdiy.core.DaoImpl.exec(DaoImpl.java:151) 
2013-05-31 19:38:29 [INFO]:影响的记录行数: 0。   net.jdiy.core.DaoImpl.exec(DaoImpl.java:153) 
2013-05-31 19:38:29 [INFO]:insert ignore into tb_contest_info(oj,link,name,start_time,week,access) values('HDU','http://acm.hdu.edu.cn/contests/contest_show.php?cid=462','2013 Multi-University Training Contest 8','2013-8-15 12:00:00','Thu','Private')   net.jdiy.core.DaoImpl.exec(DaoImpl.java:151) 
2013-05-31 19:38:29 [INFO]:影响的记录行数: 0。   net.jdiy.core.DaoImpl.exec(DaoImpl.java:153) 
2013-05-31 19:38:29 [INFO]:insert ignore into tb_contest_info(oj,link,name,start_time,week,access) values('HDU','http://acm.hdu.edu.cn/contests/contest_show.php?cid=461','2013 Multi-University Training Contest 7','2013-8-13 12:00:00','Tue','Private')   net.jdiy.core.DaoImpl.exec(DaoImpl.java:151) 
2013-05-31 19:38:29 [INFO]:影响的记录行数: 0。   net.jdiy.core.DaoImpl.exec(DaoImpl.java:153) 
2013-05-31 19:38:29 [INFO]:insert ignore into tb_contest_info(oj,link,name,start_time,week,access) values('HDU','http://acm.hdu.edu.cn/contests/contest_show.php?cid=460','2013 Multi-University Training Contest 6','2013-8-8 12:00:00','Thu','Private')   net.jdiy.core.DaoImpl.exec(DaoImpl.java:151) 
2013-05-31 19:38:29 [INFO]:影响的记录行数: 0。   net.jdiy.core.DaoImpl.exec(DaoImpl.java:153) 
2013-05-31 19:38:29 [INFO]:insert ignore into tb_contest_info(oj,link,name,start_time,week,access) values('HDU','http://acm.hdu.edu.cn/contests/contest_show.php?cid=459','2013 Multi-University Training Contest 5','2013-8-6 12:00:00','Tue','Private')   net.jdiy.core.DaoImpl.exec(DaoImpl.java:151) 
2013-05-31 19:38:29 [INFO]:影响的记录行数: 0。   net.jdiy.core.DaoImpl.exec(DaoImpl.java:153) 
2013-05-31 19:38:29 [INFO]:insert ignore into tb_contest_info(oj,link,name,start_time,week,access) values('HDU','http://acm.hdu.edu.cn/contests/contest_show.php?cid=458','2013 Multi-University Training Contest 4','2013-8-1 12:00:00','Thu','Private')   net.jdiy.core.DaoImpl.exec(DaoImpl.java:151) 
2013-05-31 19:38:29 [INFO]:影响的记录行数: 0。   net.jdiy.core.DaoImpl.exec(DaoImpl.java:153) 
2013-05-31 19:38:29 [INFO]:insert ignore into tb_contest_info(oj,link,name,start_time,week,access) values('HDU','http://acm.hdu.edu.cn/contests/contest_show.php?cid=457','2013 Multi-University Training Contest 3','2013-7-30 12:00:00','Tue','Private')   net.jdiy.core.DaoImpl.exec(DaoImpl.java:151) 
2013-05-31 19:38:30 [INFO]:影响的记录行数: 0。   net.jdiy.core.DaoImpl.exec(DaoImpl.java:153) 
2013-05-31 19:38:30 [INFO]:insert ignore into tb_contest_info(oj,link,name,start_time,week,access) values('HDU','http://acm.hdu.edu.cn/contests/contest_show.php?cid=456','2013 Multi-University Training Contest 2','2013-7-25 12:00:00','Thu','Private')   net.jdiy.core.DaoImpl.exec(DaoImpl.java:151) 
2013-05-31 19:38:30 [INFO]:影响的记录行数: 0。   net.jdiy.core.DaoImpl.exec(DaoImpl.java:153) 
2013-05-31 19:38:30 [INFO]:insert ignore into tb_contest_info(oj,link,name,start_time,week,access) values('HDU','http://acm.hdu.edu.cn/contests/contest_show.php?cid=455','2013 Multi-University Training Contest 1','2013-7-23 12:00:00','Tue','Private')   net.jdiy.core.DaoImpl.exec(DaoImpl.java:151) 
2013-05-31 19:38:30 [INFO]:影响的记录行数: 0。   net.jdiy.core.DaoImpl.exec(DaoImpl.java:153) 
2013-05-31 19:38:30 [INFO]:insert ignore into tb_contest_info(oj,link,name,start_time,week,access) values('HDU','http://acm.hdu.edu.cn/contests/contest_show.php?cid=468','2013 ACM-ICPC长沙赛区全国邀请赛——题目重现','2013-6-1 18:00:00','Sat','Public')   net.jdiy.core.DaoImpl.exec(DaoImpl.java:151) 
2013-05-31 19:38:30 [INFO]:影响的记录行数: 1。   net.jdiy.core.DaoImpl.exec(DaoImpl.java:153) 
2013-05-31 19:38:30 [INFO]:insert ignore into tb_contest_info(oj,link,name,start_time,week,access) values('HDU','http://acm.hdu.edu.cn/contests/contest_show.php?cid=465','杭电ACM程序设计竞赛（2013’05）(暨暑期集训队选拔赛)','2013-5-26 12:00:00','Sun','Private')   net.jdiy.core.DaoImpl.exec(DaoImpl.java:151) 
2013-05-31 19:38:30 [INFO]:影响的记录行数: 0。   net.jdiy.core.DaoImpl.exec(DaoImpl.java:153) 
2013-05-31 19:38:30 [INFO]:insert ignore into tb_contest_info(oj,link,name,start_time,week,access) values('HDU','http://acm.hdu.edu.cn/contests/contest_show.php?cid=467','2013金山西山居创意游戏程序挑战赛——复赛（2）','2013-5-25 13:00:00','Sat','Public')   net.jdiy.core.DaoImpl.exec(DaoImpl.java:151) 
2013-05-31 19:38:30 [INFO]:影响的记录行数: 0。   net.jdiy.core.DaoImpl.exec(DaoImpl.java:153) 
2013-05-31 19:38:30 [INFO]:insert ignore into tb_contest_info(oj,link,name,start_time,week,access) values('HDU','http://acm.hdu.edu.cn/contests/contest_show.php?cid=466','2013金山西山居创意游戏程序挑战赛——复赛（1）','2013-5-24 19:00:00','Fri','Public')   net.jdiy.core.DaoImpl.exec(DaoImpl.java:151) 
2013-05-31 19:38:30 [INFO]:影响的记录行数: 0。   net.jdiy.core.DaoImpl.exec(DaoImpl.java:153) 
2013-05-31 19:38:30 [INFO]:insert ignore into tb_contest_info(oj,link,name,start_time,week,access) values('HDU','http://acm.hdu.edu.cn/contests/contest_show.php?cid=454','2013金山西山居创意游戏程序挑战赛——初赛（4）','2013-5-19 19:00:00','Sun','Public')   net.jdiy.core.DaoImpl.exec(DaoImpl.java:151) 
2013-05-31 19:38:30 [INFO]:影响的记录行数: 0。   net.jdiy.core.DaoImpl.exec(DaoImpl.java:153) 
2013-05-31 19:38:30 [INFO]:insert ignore into tb_contest_info(oj,link,name,start_time,week,access) values('HDU','http://acm.hdu.edu.cn/contests/contest_show.php?cid=453','2013金山西山居创意游戏程序挑战赛——初赛（3）','2013-5-18 19:00:00','Sat','Public')   net.jdiy.core.DaoImpl.exec(DaoImpl.java:151) 
2013-05-31 19:38:30 [INFO]:影响的记录行数: 0。   net.jdiy.core.DaoImpl.exec(DaoImpl.java:153) 
2013-05-31 19:38:30 [INFO]:insert ignore into tb_contest_info(oj,link,name,start_time,week,access) values('HDU','http://acm.hdu.edu.cn/contests/contest_show.php?cid=452','2013金山西山居创意游戏程序挑战赛——初赛（2）','2013-5-18 13:00:00','Sat','Public')   net.jdiy.core.DaoImpl.exec(DaoImpl.java:151) 
2013-05-31 19:38:30 [INFO]:影响的记录行数: 0。   net.jdiy.core.DaoImpl.exec(DaoImpl.java:153) 
2013-05-31 19:38:30 [INFO]:insert ignore into tb_contest_info(oj,link,name,start_time,week,access) values('HDU','http://acm.hdu.edu.cn/contests/contest_show.php?cid=451','2013金山西山居创意游戏程序挑战赛——初赛（1）','2013-5-17 19:00:00','Fri','Public')   net.jdiy.core.DaoImpl.exec(DaoImpl.java:151) 
2013-05-31 19:38:30 [INFO]:影响的记录行数: 0。   net.jdiy.core.DaoImpl.exec(DaoImpl.java:153) 
2013-05-31 19:38:30 [INFO]:insert ignore into tb_contest_info(oj,link,name,start_time,week,access) values('HDU','http://acm.hdu.edu.cn/contests/contest_show.php?cid=448','计算机学院大学生程序设计竞赛（2013’04）','2013-4-21 12:00:00','Sun','Private')   net.jdiy.core.DaoImpl.exec(DaoImpl.java:151) 
2013-05-31 19:38:30 [INFO]:影响的记录行数: 0。   net.jdiy.core.DaoImpl.exec(DaoImpl.java:153) 
2013-05-31 19:38:30 [INFO]:insert ignore into tb_contest_info(oj,link,name,start_time,week,access) values('HDU','http://acm.hdu.edu.cn/contests/contest_show.php?cid=445','2013腾讯编程马拉松复赛第三场（3月31日）','2013-3-31 18:30:00','Sun','Public')   net.jdiy.core.DaoImpl.exec(DaoImpl.java:151) 
2013-05-31 19:38:30 [INFO]:影响的记录行数: 0。   net.jdiy.core.DaoImpl.exec(DaoImpl.java:153) 
2013-05-31 19:38:30 [INFO]:#开始抓取 ： http://acm.fzu.edu.cn/contest.php   com.tzc.job.SpiderContest.getContestIntoDB(SpiderContest.java:70) 
2013-05-31 19:38:30 [INFO]:#重试第0次抓取   com.tzc.job.SpiderContest.spiderContest(SpiderContest.java:105) 
2013-05-31 19:38:35 [INFO]:#结束抓取 ： http://acm.fzu.edu.cn/contest.php   com.tzc.job.SpiderContest.getContestIntoDB(SpiderContest.java:72) 
2013-05-31 19:38:35 [INFO]:select * from tb_regex where contest_url like '%http://acm.fzu.edu.cn/%'   net.jdiy.core.DaoImpl.ls(DaoImpl.java:189) 
2013-05-31 19:38:35 [INFO]:insert ignore into tb_contest_info(oj,link,name,start_time,week,access) values('FZU','http://acm.fzu.edu.cn/contest/index.php?cid=129','福州大学第十届程序设计竞赛','2013-4-29 13:00:00','Mon','Public')   net.jdiy.core.DaoImpl.exec(DaoImpl.java:151) 
2013-05-31 19:38:35 [INFO]:影响的记录行数: 0。   net.jdiy.core.DaoImpl.exec(DaoImpl.java:153) 
2013-05-31 19:38:35 [INFO]:insert ignore into tb_contest_info(oj,link,name,start_time,week,access) values('FZU','http://acm.fzu.edu.cn/contest/index.php?cid=128','第十一届福建师范大学校程序设计竞赛','2013-4-14 8:00:00','Sun','Private')   net.jdiy.core.DaoImpl.exec(DaoImpl.java:151) 
2013-05-31 19:38:35 [INFO]:影响的记录行数: 0。   net.jdiy.core.DaoImpl.exec(DaoImpl.java:153) 
2013-05-31 19:38:35 [INFO]:insert ignore into tb_contest_info(oj,link,name,start_time,week,access) values('FZU','http://acm.fzu.edu.cn/contest/index.php?cid=127','第十一届福建师范大学校程序设计竞赛热身赛','2013-4-13 14:30:00','Sat','Private')   net.jdiy.core.DaoImpl.exec(DaoImpl.java:151) 
2013-05-31 19:38:35 [INFO]:影响的记录行数: 0。   net.jdiy.core.DaoImpl.exec(DaoImpl.java:153) 
2013-05-31 19:38:35 [INFO]:insert ignore into tb_contest_info(oj,link,name,start_time,week,access) values('FZU','http://acm.fzu.edu.cn/contest/index.php?cid=126','FOJ有奖月赛-2013年4月（校赛热身赛）','2013-4-6 13:00:00','Sat','Public')   net.jdiy.core.DaoImpl.exec(DaoImpl.java:151) 
2013-05-31 19:38:36 [INFO]:影响的记录行数: 0。   net.jdiy.core.DaoImpl.exec(DaoImpl.java:153) 
2013-05-31 19:38:36 [INFO]:insert ignore into tb_contest_info(oj,link,name,start_time,week,access) values('FZU','http://acm.fzu.edu.cn/contest/index.php?cid=125','“高教社杯”第三届福建省大学生程序设计竞赛','2012-12-2 15:00:00','Sun','Public')   net.jdiy.core.DaoImpl.exec(DaoImpl.java:151) 
2013-05-31 19:38:36 [INFO]:影响的记录行数: 0。   net.jdiy.core.DaoImpl.exec(DaoImpl.java:153) 
2013-05-31 19:38:36 [INFO]:insert ignore into tb_contest_info(oj,link,name,start_time,week,access) values('FZU','http://acm.fzu.edu.cn/contest/index.php?cid=124','FOJ有奖月赛-2012年11月','2012-11-25 12:00:00','Sun','Public')   net.jdiy.core.DaoImpl.exec(DaoImpl.java:151) 
2013-05-31 19:38:36 [INFO]:影响的记录行数: 0。   net.jdiy.core.DaoImpl.exec(DaoImpl.java:153) 
2013-05-31 19:38:36 [INFO]:insert ignore into tb_contest_info(oj,link,name,start_time,week,access) values('FZU','http://acm.fzu.edu.cn/contest/index.php?cid=123','“高教社杯”第三届福建省大学生程序设计竞赛熟悉环境赛','2012-11-28 12:00:00','Wed','Public')   net.jdiy.core.DaoImpl.exec(DaoImpl.java:151) 
2013-05-31 19:38:36 [INFO]:影响的记录行数: 0。   net.jdiy.core.DaoImpl.exec(DaoImpl.java:153) 
2013-05-31 19:38:36 [INFO]:insert ignore into tb_contest_info(oj,link,name,start_time,week,access) values('FZU','http://acm.fzu.edu.cn/contest/index.php?cid=122','2012年福州大学数学与计算机科学学院院赛资格赛','2012-10-28 19:00:00','Sun','Private')   net.jdiy.core.DaoImpl.exec(DaoImpl.java:151) 
2013-05-31 19:38:36 [INFO]:影响的记录行数: 0。   net.jdiy.core.DaoImpl.exec(DaoImpl.java:153) 
2013-05-31 19:38:36 [INFO]:insert ignore into tb_contest_info(oj,link,name,start_time,week,access) values('FZU','http://acm.fzu.edu.cn/contest/index.php?cid=121','福州大学第九届程序设计竞赛','2012-4-28 13:00:00','Sat','Public')   net.jdiy.core.DaoImpl.exec(DaoImpl.java:151) 
2013-05-31 19:38:36 [INFO]:影响的记录行数: 0。   net.jdiy.core.DaoImpl.exec(DaoImpl.java:153) 
2013-05-31 19:38:36 [INFO]:insert ignore into tb_contest_info(oj,link,name,start_time,week,access) values('FZU','http://acm.fzu.edu.cn/contest/index.php?cid=120','FOJ有奖月赛-2012年4月（校赛热身赛）','2012-4-15 13:00:00','Sun','Public')   net.jdiy.core.DaoImpl.exec(DaoImpl.java:151) 
2013-05-31 19:38:36 [INFO]:影响的记录行数: 0。   net.jdiy.core.DaoImpl.exec(DaoImpl.java:153) 
2013-05-31 19:38:36 [INFO]:insert ignore into tb_contest_info(oj,link,name,start_time,week,access) values('FZU','http://acm.fzu.edu.cn/contest/index.php?cid=119','FOJ有奖月赛-2012年3月','2012-3-25 13:00:00','Sun','Public')   net.jdiy.core.DaoImpl.exec(DaoImpl.java:151) 
2013-05-31 19:38:36 [INFO]:影响的记录行数: 0。   net.jdiy.core.DaoImpl.exec(DaoImpl.java:153) 
2013-05-31 19:38:36 [INFO]:insert ignore into tb_contest_info(oj,link,name,start_time,week,access) values('FZU','http://acm.fzu.edu.cn/contest/index.php?cid=118','FOJ有奖月赛-2011年12月','2011-12-11 13:00:00','Sun','Public')   net.jdiy.core.DaoImpl.exec(DaoImpl.java:151) 
2013-05-31 19:38:36 [INFO]:影响的记录行数: 0。   net.jdiy.core.DaoImpl.exec(DaoImpl.java:153) 
2013-05-31 19:38:36 [INFO]:insert ignore into tb_contest_info(oj,link,name,start_time,week,access) values('FZU','http://acm.fzu.edu.cn/contest/index.php?cid=117','FOJ有奖月赛-2011年11月','2011-11-13 13:00:00','Sun','Public')   net.jdiy.core.DaoImpl.exec(DaoImpl.java:151) 
2013-05-31 19:38:36 [INFO]:影响的记录行数: 0。   net.jdiy.core.DaoImpl.exec(DaoImpl.java:153) 
2013-05-31 19:38:36 [INFO]:insert ignore into tb_contest_info(oj,link,name,start_time,week,access) values('FZU','http://acm.fzu.edu.cn/contest/index.php?cid=116','2011 Multi-University Training Contest (13)','2011-8-25 12:00:00','Thu','Private')   net.jdiy.core.DaoImpl.exec(DaoImpl.java:151) 
2013-05-31 19:38:36 [INFO]:影响的记录行数: 0。   net.jdiy.core.DaoImpl.exec(DaoImpl.java:153) 
2013-05-31 19:38:36 [INFO]:insert ignore into tb_contest_info(oj,link,name,start_time,week,access) values('FZU','http://acm.fzu.edu.cn/contest/index.php?cid=115','2011年全国大学生程序设计邀请赛（福州）','2011-5-28 13:00:00','Sat','Public')   net.jdiy.core.DaoImpl.exec(DaoImpl.java:151) 
2013-05-31 19:38:36 [INFO]:影响的记录行数: 0。   net.jdiy.core.DaoImpl.exec(DaoImpl.java:153) 
2013-05-31 19:38:36 [INFO]:insert ignore into tb_contest_info(oj,link,name,start_time,week,access) values('FZU','http://acm.fzu.edu.cn/contest/index.php?cid=114','福州大学第八届程序设计竞赛','2011-4-30 13:00:00','Sat','Public')   net.jdiy.core.DaoImpl.exec(DaoImpl.java:151) 
2013-05-31 19:38:36 [INFO]:影响的记录行数: 0。   net.jdiy.core.DaoImpl.exec(DaoImpl.java:153) 
2013-05-31 19:38:36 [INFO]:insert ignore into tb_contest_info(oj,link,name,start_time,week,access) values('FZU','http://acm.fzu.edu.cn/contest/index.php?cid=113','FOJ有奖月赛-2011年04月（校赛热身赛）','2011-4-17 13:30:00','Sun','Public')   net.jdiy.core.DaoImpl.exec(DaoImpl.java:151) 
2013-05-31 19:38:36 [INFO]:影响的记录行数: 0。   net.jdiy.core.DaoImpl.exec(DaoImpl.java:153) 
2013-05-31 19:38:36 [INFO]:insert ignore into tb_contest_info(oj,link,name,start_time,week,access) values('FZU','http://acm.fzu.edu.cn/contest/index.php?cid=112','FOJ有奖月赛-2011年03月','2011-3-20 13:00:00','Sun','Public')   net.jdiy.core.DaoImpl.exec(DaoImpl.java:151) 
2013-05-31 19:38:36 [INFO]:影响的记录行数: 0。   net.jdiy.core.DaoImpl.exec(DaoImpl.java:153) 
2013-05-31 19:38:36 [INFO]:insert ignore into tb_contest_info(oj,link,name,start_time,week,access) values('FZU','http://acm.fzu.edu.cn/contest/index.php?cid=111','FOJ有奖月赛-2010年12月','2010-12-26 12:00:00','Sun','Public')   net.jdiy.core.DaoImpl.exec(DaoImpl.java:151) 
2013-05-31 19:38:36 [INFO]:影响的记录行数: 0。   net.jdiy.core.DaoImpl.exec(DaoImpl.java:153) 
2013-05-31 19:38:36 [INFO]:insert ignore into tb_contest_info(oj,link,name,start_time,week,access) values('FZU','http://acm.fzu.edu.cn/contest/index.php?cid=110','2011ACM冬季讲座专题训练--搜索与动态规划','2010-12-18 20:00:00','Sat','Public')   net.jdiy.core.DaoImpl.exec(DaoImpl.java:151) 
2013-05-31 19:38:36 [INFO]:影响的记录行数: 0。   net.jdiy.core.DaoImpl.exec(DaoImpl.java:153) 
2013-05-31 19:38:36 [INFO]:#开始抓取 ： http://acm.hdu.edu.cn/recentcontest/   com.tzc.job.SpiderContest.getContestIntoDB(SpiderContest.java:70) 
2013-05-31 19:38:36 [INFO]:#重试第0次抓取   com.tzc.job.SpiderContest.spiderContest(SpiderContest.java:105) 
2013-05-31 19:38:36 [INFO]:#结束抓取 ： http://acm.hdu.edu.cn/recentcontest/   com.tzc.job.SpiderContest.getContestIntoDB(SpiderContest.java:72) 
2013-05-31 19:38:36 [INFO]:select * from tb_regex where contest_url like '%http://acm.hdu.edu.cn/recentcontest/%'   net.jdiy.core.DaoImpl.ls(DaoImpl.java:189) 
2013-05-31 19:38:36 [INFO]:#HDU Contest 已经抓过，此处跳过   com.tzc.job.SpiderContest.getContestInfo(SpiderContest.java:158) 
2013-05-31 19:38:36 [INFO]:#HDU Contest 已经抓过，此处跳过   com.tzc.job.SpiderContest.getContestInfo(SpiderContest.java:158) 
2013-05-31 19:38:36 [INFO]:#HDU Contest 已经抓过，此处跳过   com.tzc.job.SpiderContest.getContestInfo(SpiderContest.java:158) 
2013-05-31 19:38:36 [INFO]:#HDU Contest 已经抓过，此处跳过   com.tzc.job.SpiderContest.getContestInfo(SpiderContest.java:158) 
2013-05-31 19:38:36 [INFO]:#HDU Contest 已经抓过，此处跳过   com.tzc.job.SpiderContest.getContestInfo(SpiderContest.java:158) 
2013-05-31 19:38:36 [INFO]:#HDU Contest 已经抓过，此处跳过   com.tzc.job.SpiderContest.getContestInfo(SpiderContest.java:158) 
2013-05-31 19:38:36 [INFO]:#HDU Contest 已经抓过，此处跳过   com.tzc.job.SpiderContest.getContestInfo(SpiderContest.java:158) 
2013-05-31 19:38:36 [INFO]:#HDU Contest 已经抓过，此处跳过   com.tzc.job.SpiderContest.getContestInfo(SpiderContest.java:158) 
2013-05-31 19:38:36 [INFO]:#HDU Contest 已经抓过，此处跳过   com.tzc.job.SpiderContest.getContestInfo(SpiderContest.java:158) 
2013-05-31 19:38:36 [INFO]:#HDU Contest 已经抓过，此处跳过   com.tzc.job.SpiderContest.getContestInfo(SpiderContest.java:158) 
2013-05-31 19:38:36 [INFO]:#HDU Contest 已经抓过，此处跳过   com.tzc.job.SpiderContest.getContestInfo(SpiderContest.java:158) 
2013-05-31 19:38:36 [INFO]:insert ignore into tb_contest_info(oj,link,name,start_time,week,access) values('Codeforces','http://codeforces.com/contests','Codeforces Round #185 (Div. 2)','2013-5-30 23:30:00','Thu','Public')   net.jdiy.core.DaoImpl.exec(DaoImpl.java:151) 
2013-05-31 19:38:36 [INFO]:影响的记录行数: 1。   net.jdiy.core.DaoImpl.exec(DaoImpl.java:153) 
2013-05-31 19:38:36 [INFO]:insert ignore into tb_contest_info(oj,link,name,start_time,week,access) values('Codeforces','http://codeforces.com/contests','Codeforces Round #186 (Div. 2)','2013-5-30 23:30:00','Thu','Public')   net.jdiy.core.DaoImpl.exec(DaoImpl.java:151) 
2013-05-31 19:38:36 [INFO]:影响的记录行数: 1。   net.jdiy.core.DaoImpl.exec(DaoImpl.java:153) 
2013-05-31 19:39:03 [INFO]:欢迎使用JDiy框架! (应用模式：javaSE. 本地化语言：zh_CN 简体中文)   net.jdiy.core.JDiyContext.newInstance(JDiyContext.java:35) 
2013-05-31 19:39:03 [INFO]:已经载入JDiy配置文件,正在验证配置文件的有效性......   net.jdiy.core.ContextImpl.loadXml(ContextImpl.java:137) 
2013-05-31 19:39:03 [INFO]:配置文件验证通过,正在载入配置信息...   net.jdiy.core.ContextImpl.loadXml(ContextImpl.java:145) 
2013-05-31 19:39:04 [INFO]:配置定义为显示SQL语句,如需隐藏SQL语句,请更改JDiy配置文件设置databases节点的属性showSql=false。   net.jdiy.core.ContextImpl.processDatabase(ContextImpl.java:153) 
2013-05-31 19:39:04 [INFO]:默认数据库为 'def'   net.jdiy.core.ContextImpl.processDatabase(ContextImpl.java:157) 
2013-05-31 19:39:04 [INFO]:已配置了2个数据库连接。   net.jdiy.core.ContextImpl.processDatabase(ContextImpl.java:160) 
2013-05-31 19:39:04 [INFO]:JDiy核心配置已经成功加载！   net.jdiy.core.ContextImpl.<init>(ContextImpl.java:37) 
2013-05-31 19:39:04 [INFO]:成功注册连接池:jdbc:mysql://127.0.0.1:3306/spiderinfo?useUnicode=true&characterEncoding=UTF8&characterSetResults=UTF8   net.jdiy.core.db.ConnPool.create(ConnPool.java:128) 
2013-05-31 19:40:42 [INFO]:欢迎使用JDiy框架! (应用模式：javaSE. 本地化语言：zh_CN 简体中文)   net.jdiy.core.JDiyContext.newInstance(JDiyContext.java:35) 
2013-05-31 19:40:43 [INFO]:已经载入JDiy配置文件,正在验证配置文件的有效性......   net.jdiy.core.ContextImpl.loadXml(ContextImpl.java:137) 
2013-05-31 19:40:43 [INFO]:配置文件验证通过,正在载入配置信息...   net.jdiy.core.ContextImpl.loadXml(ContextImpl.java:145) 
2013-05-31 19:40:43 [INFO]:配置定义为显示SQL语句,如需隐藏SQL语句,请更改JDiy配置文件设置databases节点的属性showSql=false。   net.jdiy.core.ContextImpl.processDatabase(ContextImpl.java:153) 
2013-05-31 19:40:43 [INFO]:默认数据库为 'def'   net.jdiy.core.ContextImpl.processDatabase(ContextImpl.java:157) 
2013-05-31 19:40:43 [INFO]:已配置了2个数据库连接。   net.jdiy.core.ContextImpl.processDatabase(ContextImpl.java:160) 
2013-05-31 19:40:43 [INFO]:JDiy核心配置已经成功加载！   net.jdiy.core.ContextImpl.<init>(ContextImpl.java:37) 
2013-05-31 19:40:43 [INFO]:成功注册连接池:jdbc:mysql://127.0.0.1:3306/spiderinfsso?useUnicode=true&characterEncoding=UTF8&characterSetResults=UTF8   net.jdiy.core.db.ConnPool.create(ConnPool.java:128) 
2013-05-31 19:44:18 [INFO]:欢迎使用JDiy框架! (应用模式：javaSE. 本地化语言：zh_CN 简体中文)   net.jdiy.core.JDiyContext.newInstance(JDiyContext.java:35) 
2013-05-31 19:44:18 [INFO]:已经载入JDiy配置文件,正在验证配置文件的有效性......   net.jdiy.core.ContextImpl.loadXml(ContextImpl.java:137) 
2013-05-31 19:44:18 [INFO]:配置文件验证通过,正在载入配置信息...   net.jdiy.core.ContextImpl.loadXml(ContextImpl.java:145) 
2013-05-31 19:44:18 [INFO]:配置定义为显示SQL语句,如需隐藏SQL语句,请更改JDiy配置文件设置databases节点的属性showSql=false。   net.jdiy.core.ContextImpl.processDatabase(ContextImpl.java:153) 
2013-05-31 19:44:18 [INFO]:默认数据库为 'def'   net.jdiy.core.ContextImpl.processDatabase(ContextImpl.java:157) 
2013-05-31 19:44:18 [INFO]:已配置了2个数据库连接。   net.jdiy.core.ContextImpl.processDatabase(ContextImpl.java:160) 
2013-05-31 19:44:18 [INFO]:JDiy核心配置已经成功加载！   net.jdiy.core.ContextImpl.<init>(ContextImpl.java:37) 
2013-05-31 19:44:18 [INFO]:成功注册连接池:jdbc:mysql://127.0.0.1:3306/?useUnicode=true&characterEncoding=UTF8&characterSetResults=UTF8   net.jdiy.core.db.ConnPool.create(ConnPool.java:128) 
2013-05-31 19:44:18 [INFO]:select * from tb_contest where is_frozen = 0   net.jdiy.core.DaoImpl.ls(DaoImpl.java:189) 
2013-05-31 19:46:45 [INFO]:欢迎使用JDiy框架! (应用模式：javaSE. 本地化语言：zh_CN 简体中文)   net.jdiy.core.JDiyContext.newInstance(JDiyContext.java:35) 
2013-05-31 19:46:45 [INFO]:已经载入JDiy配置文件,正在验证配置文件的有效性......   net.jdiy.core.ContextImpl.loadXml(ContextImpl.java:137) 
2013-05-31 19:46:45 [INFO]:配置文件验证通过,正在载入配置信息...   net.jdiy.core.ContextImpl.loadXml(ContextImpl.java:145) 
2013-05-31 19:46:46 [INFO]:配置定义为显示SQL语句,如需隐藏SQL语句,请更改JDiy配置文件设置databases节点的属性showSql=false。   net.jdiy.core.ContextImpl.processDatabase(ContextImpl.java:153) 
2013-05-31 19:46:46 [INFO]:默认数据库为 'def'   net.jdiy.core.ContextImpl.processDatabase(ContextImpl.java:157) 
2013-05-31 19:46:46 [INFO]:已配置了2个数据库连接。   net.jdiy.core.ContextImpl.processDatabase(ContextImpl.java:160) 
2013-05-31 19:46:46 [INFO]:JDiy核心配置已经成功加载！   net.jdiy.core.ContextImpl.<init>(ContextImpl.java:37) 
2013-05-31 19:46:46 [INFO]:成功注册连接池:jdbc:mysql://127.0.0.1:3306/spiderinfo?useUnicode=true&characterEncoding=UTF8&characterSetResults=UTF8   net.jdiy.core.db.ConnPool.create(ConnPool.java:128) 
2013-05-31 19:46:46 [INFO]:select * from tb_contest where is_frozen = 0   net.jdiy.core.DaoImpl.ls(DaoImpl.java:189) 
2013-05-31 19:46:46 [INFO]:#开始抓取 ： http://acm.hdu.edu.cn/vip/contest_list.php   com.tzc.job.SpiderContest.getContestIntoDB(SpiderContest.java:70) 
2013-05-31 19:46:46 [INFO]:#重试第0次抓取   com.tzc.job.SpiderContest.spiderContest(SpiderContest.java:105) 
2013-05-31 19:46:50 [INFO]:#结束抓取 ： http://acm.hdu.edu.cn/vip/contest_list.php   com.tzc.job.SpiderContest.getContestIntoDB(SpiderContest.java:72) 
2013-05-31 19:46:50 [INFO]:select * from tb_regex where contest_url like '%http://acm.hdu.edu.cn/%'   net.jdiy.core.DaoImpl.ls(DaoImpl.java:189) 
2013-05-31 19:46:50 [INFO]:#开始抓取 ： http://acm.zju.edu.cn/onlinejudge/   com.tzc.job.SpiderContest.updateContest(SpiderContest.java:45) 
2013-05-31 19:46:51 [INFO]:#结束抓取 ： http://acm.zju.edu.cn/onlinejudge/   com.tzc.job.SpiderContest.updateContest(SpiderContest.java:47) 
2013-05-31 19:46:51 [INFO]:#开始抓取 ： http://acm.zju.edu.cn/onlinejudge/contestInfo.do?contestId=347   com.tzc.job.SpiderContest.getContestIntoDB(SpiderContest.java:70) 
2013-05-31 19:46:51 [INFO]:#重试第0次抓取   com.tzc.job.SpiderContest.spiderContest(SpiderContest.java:105) 
2013-05-31 19:46:51 [INFO]:#结束抓取 ： http://acm.zju.edu.cn/onlinejudge/contestInfo.do?contestId=347   com.tzc.job.SpiderContest.getContestIntoDB(SpiderContest.java:72) 
2013-05-31 19:46:51 [INFO]:select * from tb_regex where contest_url like '%http://acm.zju.edu.cn/%'   net.jdiy.core.DaoImpl.ls(DaoImpl.java:189) 
2013-05-31 19:46:51 [ERROR]:#正则匹配出错   com.tzc.utils.RegexUtil.getStringByRegex(RegexUtil.java:21) 
2013-05-31 19:46:51 [ERROR]:#正则匹配出错   com.tzc.utils.RegexUtil.getStringByRegex(RegexUtil.java:21) 
2013-05-31 19:46:52 [INFO]:insert ignore into tb_contest_info(oj,link,name,start_time,week,access) values('ZJU','http://acm.zju.edu.cn/onlinejudge/contestInfo.do?contestId=347','The 10th Zhejiang Provincial Collegiate Programming Contest','2013-5-11 13:00:00','Sat','Public')   net.jdiy.core.DaoImpl.exec(DaoImpl.java:151) 
2013-05-31 19:46:52 [INFO]:影响的记录行数: 0。   net.jdiy.core.DaoImpl.exec(DaoImpl.java:153) 
2013-05-31 19:46:52 [INFO]:#开始抓取 ： http://acm.zju.edu.cn/onlinejudge/contestInfo.do?contestId=346   com.tzc.job.SpiderContest.getContestIntoDB(SpiderContest.java:70) 
2013-05-31 19:46:52 [INFO]:#重试第0次抓取   com.tzc.job.SpiderContest.spiderContest(SpiderContest.java:105) 
2013-05-31 19:46:52 [INFO]:#结束抓取 ： http://acm.zju.edu.cn/onlinejudge/contestInfo.do?contestId=346   com.tzc.job.SpiderContest.getContestIntoDB(SpiderContest.java:72) 
2013-05-31 19:46:52 [INFO]:select * from tb_regex where contest_url like '%http://acm.zju.edu.cn/%'   net.jdiy.core.DaoImpl.ls(DaoImpl.java:189) 
2013-05-31 19:46:52 [ERROR]:#正则匹配出错   com.tzc.utils.RegexUtil.getStringByRegex(RegexUtil.java:21) 
2013-05-31 19:46:52 [ERROR]:#正则匹配出错   com.tzc.utils.RegexUtil.getStringByRegex(RegexUtil.java:21) 
2013-05-31 19:46:52 [INFO]:insert ignore into tb_contest_info(oj,link,name,start_time,week,access) values('ZJU','http://acm.zju.edu.cn/onlinejudge/contestInfo.do?contestId=346','The 13th Zhejiang University Programming Contest','2013-4-20 12:25:00','Sat','Public')   net.jdiy.core.DaoImpl.exec(DaoImpl.java:151) 
2013-05-31 19:46:52 [INFO]:影响的记录行数: 0。   net.jdiy.core.DaoImpl.exec(DaoImpl.java:153) 
2013-05-31 19:46:52 [INFO]:#开始抓取 ： http://acm.zju.edu.cn/onlinejudge/contestInfo.do?contestId=345   com.tzc.job.SpiderContest.getContestIntoDB(SpiderContest.java:70) 
2013-05-31 19:46:52 [INFO]:#重试第0次抓取   com.tzc.job.SpiderContest.spiderContest(SpiderContest.java:105) 
2013-05-31 19:46:53 [INFO]:#结束抓取 ： http://acm.zju.edu.cn/onlinejudge/contestInfo.do?contestId=345   com.tzc.job.SpiderContest.getContestIntoDB(SpiderContest.java:72) 
2013-05-31 19:46:53 [INFO]:select * from tb_regex where contest_url like '%http://acm.zju.edu.cn/%'   net.jdiy.core.DaoImpl.ls(DaoImpl.java:189) 
2013-05-31 19:46:53 [ERROR]:#正则匹配出错   com.tzc.utils.RegexUtil.getStringByRegex(RegexUtil.java:21) 
2013-05-31 19:46:53 [ERROR]:#正则匹配出错   com.tzc.utils.RegexUtil.getStringByRegex(RegexUtil.java:21) 
2013-05-31 19:46:53 [INFO]:insert ignore into tb_contest_info(oj,link,name,start_time,week,access) values('ZJU','http://acm.zju.edu.cn/onlinejudge/contestInfo.do?contestId=345','ZOJ Monthly, March 2013','2013-3-31 12:00:00','Sun','Public')   net.jdiy.core.DaoImpl.exec(DaoImpl.java:151) 
2013-05-31 19:46:53 [INFO]:影响的记录行数: 0。   net.jdiy.core.DaoImpl.exec(DaoImpl.java:153) 
2013-05-31 19:46:53 [INFO]:#开始抓取 ： http://acm.zju.edu.cn/onlinejudge/contestInfo.do?contestId=344   com.tzc.job.SpiderContest.getContestIntoDB(SpiderContest.java:70) 
2013-05-31 19:46:53 [INFO]:#重试第0次抓取   com.tzc.job.SpiderContest.spiderContest(SpiderContest.java:105) 
2013-05-31 19:46:54 [INFO]:#结束抓取 ： http://acm.zju.edu.cn/onlinejudge/contestInfo.do?contestId=344   com.tzc.job.SpiderContest.getContestIntoDB(SpiderContest.java:72) 
2013-05-31 19:46:54 [INFO]:select * from tb_regex where contest_url like '%http://acm.zju.edu.cn/%'   net.jdiy.core.DaoImpl.ls(DaoImpl.java:189) 
2013-05-31 19:46:54 [ERROR]:#正则匹配出错   com.tzc.utils.RegexUtil.getStringByRegex(RegexUtil.java:21) 
2013-05-31 19:46:54 [ERROR]:#正则匹配出错   com.tzc.utils.RegexUtil.getStringByRegex(RegexUtil.java:21) 
2013-05-31 19:46:54 [INFO]:insert ignore into tb_contest_info(oj,link,name,start_time,week,access) values('ZJU','http://acm.zju.edu.cn/onlinejudge/contestInfo.do?contestId=344','ZOJ Monthly, January 2013','2013-1-21 12:00:00','Mon','Public')   net.jdiy.core.DaoImpl.exec(DaoImpl.java:151) 
2013-05-31 19:46:54 [INFO]:影响的记录行数: 0。   net.jdiy.core.DaoImpl.exec(DaoImpl.java:153) 
2013-05-31 19:46:54 [INFO]:#开始抓取 ： http://acm.zju.edu.cn/onlinejudge/contestInfo.do?contestId=343   com.tzc.job.SpiderContest.getContestIntoDB(SpiderContest.java:70) 
2013-05-31 19:46:54 [INFO]:#重试第0次抓取   com.tzc.job.SpiderContest.spiderContest(SpiderContest.java:105) 
2013-05-31 19:46:54 [INFO]:#结束抓取 ： http://acm.zju.edu.cn/onlinejudge/contestInfo.do?contestId=343   com.tzc.job.SpiderContest.getContestIntoDB(SpiderContest.java:72) 
2013-05-31 19:46:54 [INFO]:select * from tb_regex where contest_url like '%http://acm.zju.edu.cn/%'   net.jdiy.core.DaoImpl.ls(DaoImpl.java:189) 
2013-05-31 19:46:54 [ERROR]:#正则匹配出错   com.tzc.utils.RegexUtil.getStringByRegex(RegexUtil.java:21) 
2013-05-31 19:46:54 [ERROR]:#正则匹配出错   com.tzc.utils.RegexUtil.getStringByRegex(RegexUtil.java:21) 
2013-05-31 19:46:54 [INFO]:insert ignore into tb_contest_info(oj,link,name,start_time,week,access) values('ZJU','http://acm.zju.edu.cn/onlinejudge/contestInfo.do?contestId=343','ZOJ Monthly, November 2012','2012-11-25 12:00:00','Sun','Public')   net.jdiy.core.DaoImpl.exec(DaoImpl.java:151) 
2013-05-31 19:46:55 [INFO]:影响的记录行数: 0。   net.jdiy.core.DaoImpl.exec(DaoImpl.java:153) 
2013-05-31 19:46:55 [INFO]:#开始抓取 ： http://acm.zju.edu.cn/onlinejudge/contestInfo.do?contestId=342   com.tzc.job.SpiderContest.getContestIntoDB(SpiderContest.java:70) 
2013-05-31 19:46:55 [INFO]:#重试第0次抓取   com.tzc.job.SpiderContest.spiderContest(SpiderContest.java:105) 
2013-05-31 19:46:55 [INFO]:#结束抓取 ： http://acm.zju.edu.cn/onlinejudge/contestInfo.do?contestId=342   com.tzc.job.SpiderContest.getContestIntoDB(SpiderContest.java:72) 
2013-05-31 19:46:55 [INFO]:select * from tb_regex where contest_url like '%http://acm.zju.edu.cn/%'   net.jdiy.core.DaoImpl.ls(DaoImpl.java:189) 
2013-05-31 19:46:55 [ERROR]:#正则匹配出错   com.tzc.utils.RegexUtil.getStringByRegex(RegexUtil.java:21) 
2013-05-31 19:46:55 [ERROR]:#正则匹配出错   com.tzc.utils.RegexUtil.getStringByRegex(RegexUtil.java:21) 
2013-05-31 19:46:55 [INFO]:insert ignore into tb_contest_info(oj,link,name,start_time,week,access) values('ZJU','http://acm.zju.edu.cn/onlinejudge/contestInfo.do?contestId=342','The 2012 ACM-ICPC Asia Changchun Regional Contest','2012-10-14 15:10:00','Sun','Public')   net.jdiy.core.DaoImpl.exec(DaoImpl.java:151) 
2013-05-31 19:46:55 [INFO]:影响的记录行数: 0。   net.jdiy.core.DaoImpl.exec(DaoImpl.java:153) 
2013-05-31 19:46:55 [INFO]:#开始抓取 ： http://acm.hdu.edu.cn/contests/contest_list.php   com.tzc.job.SpiderContest.getContestIntoDB(SpiderContest.java:70) 
2013-05-31 19:46:55 [INFO]:#重试第0次抓取   com.tzc.job.SpiderContest.spiderContest(SpiderContest.java:105) 
2013-05-31 19:46:55 [INFO]:#结束抓取 ： http://acm.hdu.edu.cn/contests/contest_list.php   com.tzc.job.SpiderContest.getContestIntoDB(SpiderContest.java:72) 
2013-05-31 19:46:55 [INFO]:select * from tb_regex where contest_url like '%http://acm.hdu.edu.cn/contests/%'   net.jdiy.core.DaoImpl.ls(DaoImpl.java:189) 
2013-05-31 19:46:55 [INFO]:insert ignore into tb_contest_info(oj,link,name,start_time,week,access) values('HDU','http://acm.hdu.edu.cn/contests/contest_show.php?cid=464','2013 Multi-University Training Contest 10','2013-8-22 12:00:00','Thu','Private')   net.jdiy.core.DaoImpl.exec(DaoImpl.java:151) 
2013-05-31 19:46:55 [INFO]:影响的记录行数: 0。   net.jdiy.core.DaoImpl.exec(DaoImpl.java:153) 
2013-05-31 19:46:55 [INFO]:insert ignore into tb_contest_info(oj,link,name,start_time,week,access) values('HDU','http://acm.hdu.edu.cn/contests/contest_show.php?cid=463','2013 Multi-University Training Contest 9','2013-8-20 12:00:00','Tue','Private')   net.jdiy.core.DaoImpl.exec(DaoImpl.java:151) 
2013-05-31 19:46:55 [INFO]:影响的记录行数: 0。   net.jdiy.core.DaoImpl.exec(DaoImpl.java:153) 
2013-05-31 19:46:55 [INFO]:insert ignore into tb_contest_info(oj,link,name,start_time,week,access) values('HDU','http://acm.hdu.edu.cn/contests/contest_show.php?cid=462','2013 Multi-University Training Contest 8','2013-8-15 12:00:00','Thu','Private')   net.jdiy.core.DaoImpl.exec(DaoImpl.java:151) 
2013-05-31 19:46:56 [INFO]:影响的记录行数: 0。   net.jdiy.core.DaoImpl.exec(DaoImpl.java:153) 
2013-05-31 19:46:56 [INFO]:insert ignore into tb_contest_info(oj,link,name,start_time,week,access) values('HDU','http://acm.hdu.edu.cn/contests/contest_show.php?cid=461','2013 Multi-University Training Contest 7','2013-8-13 12:00:00','Tue','Private')   net.jdiy.core.DaoImpl.exec(DaoImpl.java:151) 
2013-05-31 19:46:56 [INFO]:影响的记录行数: 0。   net.jdiy.core.DaoImpl.exec(DaoImpl.java:153) 
2013-05-31 19:46:56 [INFO]:insert ignore into tb_contest_info(oj,link,name,start_time,week,access) values('HDU','http://acm.hdu.edu.cn/contests/contest_show.php?cid=460','2013 Multi-University Training Contest 6','2013-8-8 12:00:00','Thu','Private')   net.jdiy.core.DaoImpl.exec(DaoImpl.java:151) 
2013-05-31 19:46:56 [INFO]:影响的记录行数: 0。   net.jdiy.core.DaoImpl.exec(DaoImpl.java:153) 
2013-05-31 19:46:56 [INFO]:insert ignore into tb_contest_info(oj,link,name,start_time,week,access) values('HDU','http://acm.hdu.edu.cn/contests/contest_show.php?cid=459','2013 Multi-University Training Contest 5','2013-8-6 12:00:00','Tue','Private')   net.jdiy.core.DaoImpl.exec(DaoImpl.java:151) 
2013-05-31 19:46:56 [INFO]:影响的记录行数: 0。   net.jdiy.core.DaoImpl.exec(DaoImpl.java:153) 
2013-05-31 19:46:56 [INFO]:insert ignore into tb_contest_info(oj,link,name,start_time,week,access) values('HDU','http://acm.hdu.edu.cn/contests/contest_show.php?cid=458','2013 Multi-University Training Contest 4','2013-8-1 12:00:00','Thu','Private')   net.jdiy.core.DaoImpl.exec(DaoImpl.java:151) 
2013-05-31 19:46:56 [INFO]:影响的记录行数: 0。   net.jdiy.core.DaoImpl.exec(DaoImpl.java:153) 
2013-05-31 19:46:56 [INFO]:insert ignore into tb_contest_info(oj,link,name,start_time,week,access) values('HDU','http://acm.hdu.edu.cn/contests/contest_show.php?cid=457','2013 Multi-University Training Contest 3','2013-7-30 12:00:00','Tue','Private')   net.jdiy.core.DaoImpl.exec(DaoImpl.java:151) 
2013-05-31 19:46:56 [INFO]:影响的记录行数: 0。   net.jdiy.core.DaoImpl.exec(DaoImpl.java:153) 
2013-05-31 19:46:56 [INFO]:insert ignore into tb_contest_info(oj,link,name,start_time,week,access) values('HDU','http://acm.hdu.edu.cn/contests/contest_show.php?cid=456','2013 Multi-University Training Contest 2','2013-7-25 12:00:00','Thu','Private')   net.jdiy.core.DaoImpl.exec(DaoImpl.java:151) 
2013-05-31 19:46:56 [INFO]:影响的记录行数: 0。   net.jdiy.core.DaoImpl.exec(DaoImpl.java:153) 
2013-05-31 19:46:56 [INFO]:insert ignore into tb_contest_info(oj,link,name,start_time,week,access) values('HDU','http://acm.hdu.edu.cn/contests/contest_show.php?cid=455','2013 Multi-University Training Contest 1','2013-7-23 12:00:00','Tue','Private')   net.jdiy.core.DaoImpl.exec(DaoImpl.java:151) 
2013-05-31 19:46:56 [INFO]:影响的记录行数: 0。   net.jdiy.core.DaoImpl.exec(DaoImpl.java:153) 
2013-05-31 19:46:56 [INFO]:insert ignore into tb_contest_info(oj,link,name,start_time,week,access) values('HDU','http://acm.hdu.edu.cn/contests/contest_show.php?cid=468','2013 ACM-ICPC长沙赛区全国邀请赛——题目重现','2013-6-1 18:00:00','Sat','Public')   net.jdiy.core.DaoImpl.exec(DaoImpl.java:151) 
2013-05-31 19:46:56 [INFO]:影响的记录行数: 0。   net.jdiy.core.DaoImpl.exec(DaoImpl.java:153) 
2013-05-31 19:46:56 [INFO]:insert ignore into tb_contest_info(oj,link,name,start_time,week,access) values('HDU','http://acm.hdu.edu.cn/contests/contest_show.php?cid=465','杭电ACM程序设计竞赛（2013’05）(暨暑期集训队选拔赛)','2013-5-26 12:00:00','Sun','Private')   net.jdiy.core.DaoImpl.exec(DaoImpl.java:151) 
2013-05-31 19:46:56 [INFO]:影响的记录行数: 0。   net.jdiy.core.DaoImpl.exec(DaoImpl.java:153) 
2013-05-31 19:46:56 [INFO]:insert ignore into tb_contest_info(oj,link,name,start_time,week,access) values('HDU','http://acm.hdu.edu.cn/contests/contest_show.php?cid=467','2013金山西山居创意游戏程序挑战赛——复赛（2）','2013-5-25 13:00:00','Sat','Public')   net.jdiy.core.DaoImpl.exec(DaoImpl.java:151) 
2013-05-31 19:46:56 [INFO]:影响的记录行数: 0。   net.jdiy.core.DaoImpl.exec(DaoImpl.java:153) 
2013-05-31 19:46:56 [INFO]:insert ignore into tb_contest_info(oj,link,name,start_time,week,access) values('HDU','http://acm.hdu.edu.cn/contests/contest_show.php?cid=466','2013金山西山居创意游戏程序挑战赛——复赛（1）','2013-5-24 19:00:00','Fri','Public')   net.jdiy.core.DaoImpl.exec(DaoImpl.java:151) 
2013-05-31 19:46:56 [INFO]:影响的记录行数: 0。   net.jdiy.core.DaoImpl.exec(DaoImpl.java:153) 
2013-05-31 19:46:56 [INFO]:insert ignore into tb_contest_info(oj,link,name,start_time,week,access) values('HDU','http://acm.hdu.edu.cn/contests/contest_show.php?cid=454','2013金山西山居创意游戏程序挑战赛——初赛（4）','2013-5-19 19:00:00','Sun','Public')   net.jdiy.core.DaoImpl.exec(DaoImpl.java:151) 
2013-05-31 19:46:56 [INFO]:影响的记录行数: 0。   net.jdiy.core.DaoImpl.exec(DaoImpl.java:153) 
2013-05-31 19:46:56 [INFO]:insert ignore into tb_contest_info(oj,link,name,start_time,week,access) values('HDU','http://acm.hdu.edu.cn/contests/contest_show.php?cid=453','2013金山西山居创意游戏程序挑战赛——初赛（3）','2013-5-18 19:00:00','Sat','Public')   net.jdiy.core.DaoImpl.exec(DaoImpl.java:151) 
2013-05-31 19:46:56 [INFO]:影响的记录行数: 0。   net.jdiy.core.DaoImpl.exec(DaoImpl.java:153) 
2013-05-31 19:46:56 [INFO]:insert ignore into tb_contest_info(oj,link,name,start_time,week,access) values('HDU','http://acm.hdu.edu.cn/contests/contest_show.php?cid=452','2013金山西山居创意游戏程序挑战赛——初赛（2）','2013-5-18 13:00:00','Sat','Public')   net.jdiy.core.DaoImpl.exec(DaoImpl.java:151) 
2013-05-31 19:46:56 [INFO]:影响的记录行数: 0。   net.jdiy.core.DaoImpl.exec(DaoImpl.java:153) 
2013-05-31 19:46:56 [INFO]:insert ignore into tb_contest_info(oj,link,name,start_time,week,access) values('HDU','http://acm.hdu.edu.cn/contests/contest_show.php?cid=451','2013金山西山居创意游戏程序挑战赛——初赛（1）','2013-5-17 19:00:00','Fri','Public')   net.jdiy.core.DaoImpl.exec(DaoImpl.java:151) 
2013-05-31 19:46:56 [INFO]:影响的记录行数: 0。   net.jdiy.core.DaoImpl.exec(DaoImpl.java:153) 
2013-05-31 19:46:56 [INFO]:insert ignore into tb_contest_info(oj,link,name,start_time,week,access) values('HDU','http://acm.hdu.edu.cn/contests/contest_show.php?cid=448','计算机学院大学生程序设计竞赛（2013’04）','2013-4-21 12:00:00','Sun','Private')   net.jdiy.core.DaoImpl.exec(DaoImpl.java:151) 
2013-05-31 19:46:56 [INFO]:影响的记录行数: 0。   net.jdiy.core.DaoImpl.exec(DaoImpl.java:153) 
2013-05-31 19:46:56 [INFO]:insert ignore into tb_contest_info(oj,link,name,start_time,week,access) values('HDU','http://acm.hdu.edu.cn/contests/contest_show.php?cid=445','2013腾讯编程马拉松复赛第三场（3月31日）','2013-3-31 18:30:00','Sun','Public')   net.jdiy.core.DaoImpl.exec(DaoImpl.java:151) 
2013-05-31 19:46:56 [INFO]:影响的记录行数: 0。   net.jdiy.core.DaoImpl.exec(DaoImpl.java:153) 
2013-05-31 19:46:56 [INFO]:#开始抓取 ： http://acm.fzu.edu.cn/contest.php   com.tzc.job.SpiderContest.getContestIntoDB(SpiderContest.java:70) 
2013-05-31 19:46:56 [INFO]:#重试第0次抓取   com.tzc.job.SpiderContest.spiderContest(SpiderContest.java:105) 
2013-05-31 19:46:57 [INFO]:#结束抓取 ： http://acm.fzu.edu.cn/contest.php   com.tzc.job.SpiderContest.getContestIntoDB(SpiderContest.java:72) 
2013-05-31 19:46:57 [INFO]:select * from tb_regex where contest_url like '%http://acm.fzu.edu.cn/%'   net.jdiy.core.DaoImpl.ls(DaoImpl.java:189) 
2013-05-31 19:46:57 [INFO]:insert ignore into tb_contest_info(oj,link,name,start_time,week,access) values('FZU','http://acm.fzu.edu.cn/contest/index.php?cid=129','福州大学第十届程序设计竞赛','2013-4-29 13:00:00','Mon','Public')   net.jdiy.core.DaoImpl.exec(DaoImpl.java:151) 
2013-05-31 19:46:57 [INFO]:影响的记录行数: 0。   net.jdiy.core.DaoImpl.exec(DaoImpl.java:153) 
2013-05-31 19:46:57 [INFO]:insert ignore into tb_contest_info(oj,link,name,start_time,week,access) values('FZU','http://acm.fzu.edu.cn/contest/index.php?cid=128','第十一届福建师范大学校程序设计竞赛','2013-4-14 8:00:00','Sun','Private')   net.jdiy.core.DaoImpl.exec(DaoImpl.java:151) 
2013-05-31 19:46:57 [INFO]:影响的记录行数: 0。   net.jdiy.core.DaoImpl.exec(DaoImpl.java:153) 
2013-05-31 19:46:57 [INFO]:insert ignore into tb_contest_info(oj,link,name,start_time,week,access) values('FZU','http://acm.fzu.edu.cn/contest/index.php?cid=127','第十一届福建师范大学校程序设计竞赛热身赛','2013-4-13 14:30:00','Sat','Private')   net.jdiy.core.DaoImpl.exec(DaoImpl.java:151) 
2013-05-31 19:46:57 [INFO]:影响的记录行数: 0。   net.jdiy.core.DaoImpl.exec(DaoImpl.java:153) 
2013-05-31 19:46:57 [INFO]:insert ignore into tb_contest_info(oj,link,name,start_time,week,access) values('FZU','http://acm.fzu.edu.cn/contest/index.php?cid=126','FOJ有奖月赛-2013年4月（校赛热身赛）','2013-4-6 13:00:00','Sat','Public')   net.jdiy.core.DaoImpl.exec(DaoImpl.java:151) 
2013-05-31 19:46:57 [INFO]:影响的记录行数: 0。   net.jdiy.core.DaoImpl.exec(DaoImpl.java:153) 
2013-05-31 19:46:57 [INFO]:insert ignore into tb_contest_info(oj,link,name,start_time,week,access) values('FZU','http://acm.fzu.edu.cn/contest/index.php?cid=125','“高教社杯”第三届福建省大学生程序设计竞赛','2012-12-2 15:00:00','Sun','Public')   net.jdiy.core.DaoImpl.exec(DaoImpl.java:151) 
2013-05-31 19:46:57 [INFO]:影响的记录行数: 0。   net.jdiy.core.DaoImpl.exec(DaoImpl.java:153) 
2013-05-31 19:46:57 [INFO]:insert ignore into tb_contest_info(oj,link,name,start_time,week,access) values('FZU','http://acm.fzu.edu.cn/contest/index.php?cid=124','FOJ有奖月赛-2012年11月','2012-11-25 12:00:00','Sun','Public')   net.jdiy.core.DaoImpl.exec(DaoImpl.java:151) 
2013-05-31 19:46:58 [INFO]:影响的记录行数: 0。   net.jdiy.core.DaoImpl.exec(DaoImpl.java:153) 
2013-05-31 19:46:58 [INFO]:insert ignore into tb_contest_info(oj,link,name,start_time,week,access) values('FZU','http://acm.fzu.edu.cn/contest/index.php?cid=123','“高教社杯”第三届福建省大学生程序设计竞赛熟悉环境赛','2012-11-28 12:00:00','Wed','Public')   net.jdiy.core.DaoImpl.exec(DaoImpl.java:151) 
2013-05-31 19:46:58 [INFO]:影响的记录行数: 0。   net.jdiy.core.DaoImpl.exec(DaoImpl.java:153) 
2013-05-31 19:46:58 [INFO]:insert ignore into tb_contest_info(oj,link,name,start_time,week,access) values('FZU','http://acm.fzu.edu.cn/contest/index.php?cid=122','2012年福州大学数学与计算机科学学院院赛资格赛','2012-10-28 19:00:00','Sun','Private')   net.jdiy.core.DaoImpl.exec(DaoImpl.java:151) 
2013-05-31 19:46:58 [INFO]:影响的记录行数: 0。   net.jdiy.core.DaoImpl.exec(DaoImpl.java:153) 
2013-05-31 19:46:58 [INFO]:insert ignore into tb_contest_info(oj,link,name,start_time,week,access) values('FZU','http://acm.fzu.edu.cn/contest/index.php?cid=121','福州大学第九届程序设计竞赛','2012-4-28 13:00:00','Sat','Public')   net.jdiy.core.DaoImpl.exec(DaoImpl.java:151) 
2013-05-31 19:46:58 [INFO]:影响的记录行数: 0。   net.jdiy.core.DaoImpl.exec(DaoImpl.java:153) 
2013-05-31 19:46:58 [INFO]:insert ignore into tb_contest_info(oj,link,name,start_time,week,access) values('FZU','http://acm.fzu.edu.cn/contest/index.php?cid=120','FOJ有奖月赛-2012年4月（校赛热身赛）','2012-4-15 13:00:00','Sun','Public')   net.jdiy.core.DaoImpl.exec(DaoImpl.java:151) 
2013-05-31 19:46:58 [INFO]:影响的记录行数: 0。   net.jdiy.core.DaoImpl.exec(DaoImpl.java:153) 
2013-05-31 19:46:58 [INFO]:insert ignore into tb_contest_info(oj,link,name,start_time,week,access) values('FZU','http://acm.fzu.edu.cn/contest/index.php?cid=119','FOJ有奖月赛-2012年3月','2012-3-25 13:00:00','Sun','Public')   net.jdiy.core.DaoImpl.exec(DaoImpl.java:151) 
2013-05-31 19:46:58 [INFO]:影响的记录行数: 0。   net.jdiy.core.DaoImpl.exec(DaoImpl.java:153) 
2013-05-31 19:46:58 [INFO]:insert ignore into tb_contest_info(oj,link,name,start_time,week,access) values('FZU','http://acm.fzu.edu.cn/contest/index.php?cid=118','FOJ有奖月赛-2011年12月','2011-12-11 13:00:00','Sun','Public')   net.jdiy.core.DaoImpl.exec(DaoImpl.java:151) 
2013-05-31 19:46:58 [INFO]:影响的记录行数: 0。   net.jdiy.core.DaoImpl.exec(DaoImpl.java:153) 
2013-05-31 19:46:58 [INFO]:insert ignore into tb_contest_info(oj,link,name,start_time,week,access) values('FZU','http://acm.fzu.edu.cn/contest/index.php?cid=117','FOJ有奖月赛-2011年11月','2011-11-13 13:00:00','Sun','Public')   net.jdiy.core.DaoImpl.exec(DaoImpl.java:151) 
2013-05-31 19:46:58 [INFO]:影响的记录行数: 0。   net.jdiy.core.DaoImpl.exec(DaoImpl.java:153) 
2013-05-31 19:46:58 [INFO]:insert ignore into tb_contest_info(oj,link,name,start_time,week,access) values('FZU','http://acm.fzu.edu.cn/contest/index.php?cid=116','2011 Multi-University Training Contest (13)','2011-8-25 12:00:00','Thu','Private')   net.jdiy.core.DaoImpl.exec(DaoImpl.java:151) 
2013-05-31 19:46:58 [INFO]:影响的记录行数: 0。   net.jdiy.core.DaoImpl.exec(DaoImpl.java:153) 
2013-05-31 19:46:58 [INFO]:insert ignore into tb_contest_info(oj,link,name,start_time,week,access) values('FZU','http://acm.fzu.edu.cn/contest/index.php?cid=115','2011年全国大学生程序设计邀请赛（福州）','2011-5-28 13:00:00','Sat','Public')   net.jdiy.core.DaoImpl.exec(DaoImpl.java:151) 
2013-05-31 19:46:58 [INFO]:影响的记录行数: 0。   net.jdiy.core.DaoImpl.exec(DaoImpl.java:153) 
2013-05-31 19:46:58 [INFO]:insert ignore into tb_contest_info(oj,link,name,start_time,week,access) values('FZU','http://acm.fzu.edu.cn/contest/index.php?cid=114','福州大学第八届程序设计竞赛','2011-4-30 13:00:00','Sat','Public')   net.jdiy.core.DaoImpl.exec(DaoImpl.java:151) 
2013-05-31 19:46:58 [INFO]:影响的记录行数: 0。   net.jdiy.core.DaoImpl.exec(DaoImpl.java:153) 
2013-05-31 19:46:58 [INFO]:insert ignore into tb_contest_info(oj,link,name,start_time,week,access) values('FZU','http://acm.fzu.edu.cn/contest/index.php?cid=113','FOJ有奖月赛-2011年04月（校赛热身赛）','2011-4-17 13:30:00','Sun','Public')   net.jdiy.core.DaoImpl.exec(DaoImpl.java:151) 
2013-05-31 19:46:58 [INFO]:影响的记录行数: 0。   net.jdiy.core.DaoImpl.exec(DaoImpl.java:153) 
2013-05-31 19:46:58 [INFO]:insert ignore into tb_contest_info(oj,link,name,start_time,week,access) values('FZU','http://acm.fzu.edu.cn/contest/index.php?cid=112','FOJ有奖月赛-2011年03月','2011-3-20 13:00:00','Sun','Public')   net.jdiy.core.DaoImpl.exec(DaoImpl.java:151) 
2013-05-31 19:46:58 [INFO]:影响的记录行数: 0。   net.jdiy.core.DaoImpl.exec(DaoImpl.java:153) 
2013-05-31 19:46:58 [INFO]:insert ignore into tb_contest_info(oj,link,name,start_time,week,access) values('FZU','http://acm.fzu.edu.cn/contest/index.php?cid=111','FOJ有奖月赛-2010年12月','2010-12-26 12:00:00','Sun','Public')   net.jdiy.core.DaoImpl.exec(DaoImpl.java:151) 
2013-05-31 19:46:58 [INFO]:影响的记录行数: 0。   net.jdiy.core.DaoImpl.exec(DaoImpl.java:153) 
2013-05-31 19:46:58 [INFO]:insert ignore into tb_contest_info(oj,link,name,start_time,week,access) values('FZU','http://acm.fzu.edu.cn/contest/index.php?cid=110','2011ACM冬季讲座专题训练--搜索与动态规划','2010-12-18 20:00:00','Sat','Public')   net.jdiy.core.DaoImpl.exec(DaoImpl.java:151) 
2013-05-31 19:46:58 [INFO]:影响的记录行数: 0。   net.jdiy.core.DaoImpl.exec(DaoImpl.java:153) 
2013-05-31 19:46:58 [INFO]:#开始抓取 ： http://acm.hdu.edu.cn/recentcontest/   com.tzc.job.SpiderContest.getContestIntoDB(SpiderContest.java:70) 
2013-05-31 19:46:58 [INFO]:#重试第0次抓取   com.tzc.job.SpiderContest.spiderContest(SpiderContest.java:105) 
2013-05-31 19:46:58 [INFO]:#结束抓取 ： http://acm.hdu.edu.cn/recentcontest/   com.tzc.job.SpiderContest.getContestIntoDB(SpiderContest.java:72) 
2013-05-31 19:46:58 [INFO]:select * from tb_regex where contest_url like '%http://acm.hdu.edu.cn/recentcontest/%'   net.jdiy.core.DaoImpl.ls(DaoImpl.java:189) 
2013-05-31 19:46:58 [INFO]:#HDU Contest 已经抓过，此处跳过   com.tzc.job.SpiderContest.getContestInfo(SpiderContest.java:158) 
2013-05-31 19:46:58 [INFO]:#HDU Contest 已经抓过，此处跳过   com.tzc.job.SpiderContest.getContestInfo(SpiderContest.java:158) 
2013-05-31 19:46:58 [INFO]:#HDU Contest 已经抓过，此处跳过   com.tzc.job.SpiderContest.getContestInfo(SpiderContest.java:158) 
2013-05-31 19:46:58 [INFO]:#HDU Contest 已经抓过，此处跳过   com.tzc.job.SpiderContest.getContestInfo(SpiderContest.java:158) 
2013-05-31 19:46:58 [INFO]:#HDU Contest 已经抓过，此处跳过   com.tzc.job.SpiderContest.getContestInfo(SpiderContest.java:158) 
2013-05-31 19:46:58 [INFO]:#HDU Contest 已经抓过，此处跳过   com.tzc.job.SpiderContest.getContestInfo(SpiderContest.java:158) 
2013-05-31 19:46:58 [INFO]:#HDU Contest 已经抓过，此处跳过   com.tzc.job.SpiderContest.getContestInfo(SpiderContest.java:158) 
2013-05-31 19:46:58 [INFO]:#HDU Contest 已经抓过，此处跳过   com.tzc.job.SpiderContest.getContestInfo(SpiderContest.java:158) 
2013-05-31 19:46:58 [INFO]:#HDU Contest 已经抓过，此处跳过   com.tzc.job.SpiderContest.getContestInfo(SpiderContest.java:158) 
2013-05-31 19:46:58 [INFO]:#HDU Contest 已经抓过，此处跳过   com.tzc.job.SpiderContest.getContestInfo(SpiderContest.java:158) 
2013-05-31 19:46:58 [INFO]:#HDU Contest 已经抓过，此处跳过   com.tzc.job.SpiderContest.getContestInfo(SpiderContest.java:158) 
2013-05-31 19:46:58 [INFO]:insert ignore into tb_contest_info(oj,link,name,start_time,week,access) values('Codeforces','http://codeforces.com/contests','Codeforces Round #185 (Div. 2)','2013-5-30 23:30:00','Thu','Public')   net.jdiy.core.DaoImpl.exec(DaoImpl.java:151) 
2013-05-31 19:46:58 [INFO]:影响的记录行数: 0。   net.jdiy.core.DaoImpl.exec(DaoImpl.java:153) 
2013-05-31 19:46:58 [INFO]:insert ignore into tb_contest_info(oj,link,name,start_time,week,access) values('Codeforces','http://codeforces.com/contests','Codeforces Round #186 (Div. 2)','2013-5-30 23:30:00','Thu','Public')   net.jdiy.core.DaoImpl.exec(DaoImpl.java:151) 
2013-05-31 19:46:58 [INFO]:影响的记录行数: 0。   net.jdiy.core.DaoImpl.exec(DaoImpl.java:153) 
