2013-06-30 09:30:04 [INFO]:欢迎使用JDiy框架! (应用模式：javaSE. 本地化语言：zh_CN 简体中文)   net.jdiy.core.JDiyContext.newInstance(JDiyContext.java:35) 
2013-06-30 09:30:05 [INFO]:已经载入JDiy配置文件,正在验证配置文件的有效性......   net.jdiy.core.ContextImpl.loadXml(ContextImpl.java:137) 
2013-06-30 09:30:05 [INFO]:配置文件验证通过,正在载入配置信息...   net.jdiy.core.ContextImpl.loadXml(ContextImpl.java:145) 
2013-06-30 09:30:05 [INFO]:配置定义为显示SQL语句,如需隐藏SQL语句,请更改JDiy配置文件设置databases节点的属性showSql=false。   net.jdiy.core.ContextImpl.processDatabase(ContextImpl.java:153) 
2013-06-30 09:30:05 [INFO]:默认数据库为 'def'   net.jdiy.core.ContextImpl.processDatabase(ContextImpl.java:157) 
2013-06-30 09:30:05 [INFO]:已配置了2个数据库连接。   net.jdiy.core.ContextImpl.processDatabase(ContextImpl.java:160) 
2013-06-30 09:30:05 [INFO]:JDiy核心配置已经成功加载！   net.jdiy.core.ContextImpl.<init>(ContextImpl.java:37) 
2013-06-30 09:30:05 [ERROR]:无效的数据库连接名："spiderinfotest"。   net.jdiy.core.ContextImpl.getDao(ContextImpl.java:50) 
2013-06-30 09:34:14 [INFO]:欢迎使用JDiy框架! (应用模式：javaSE. 本地化语言：zh_CN 简体中文)   net.jdiy.core.JDiyContext.newInstance(JDiyContext.java:35) 
2013-06-30 09:34:14 [INFO]:已经载入JDiy配置文件,正在验证配置文件的有效性......   net.jdiy.core.ContextImpl.loadXml(ContextImpl.java:137) 
2013-06-30 09:34:14 [INFO]:配置文件验证通过,正在载入配置信息...   net.jdiy.core.ContextImpl.loadXml(ContextImpl.java:145) 
2013-06-30 09:34:14 [INFO]:配置定义为显示SQL语句,如需隐藏SQL语句,请更改JDiy配置文件设置databases节点的属性showSql=false。   net.jdiy.core.ContextImpl.processDatabase(ContextImpl.java:153) 
2013-06-30 09:34:14 [INFO]:默认数据库为 'def'   net.jdiy.core.ContextImpl.processDatabase(ContextImpl.java:157) 
2013-06-30 09:34:14 [INFO]:已配置了2个数据库连接。   net.jdiy.core.ContextImpl.processDatabase(ContextImpl.java:160) 
2013-06-30 09:34:14 [INFO]:JDiy核心配置已经成功加载！   net.jdiy.core.ContextImpl.<init>(ContextImpl.java:37) 
2013-06-30 09:34:14 [INFO]:成功注册连接池:jdbc:mysql://127.0.0.1:3306/spiderinfo?useUnicode=true&characterEncoding=UTF8&characterSetResults=UTF8   net.jdiy.core.db.ConnPool.create(ConnPool.java:128) 
2013-06-30 09:34:14 [INFO]:select * from tb_contest where is_frozen = 0   net.jdiy.core.DaoImpl.ls(DaoImpl.java:189) 
2013-06-30 09:34:15 [INFO]:#开始抓取 ： http://acm.hdu.edu.cn/vip/contest_list.php   com.tzc.job.SpiderContest.getContestIntoDB(SpiderContest.java:70) 
2013-06-30 09:34:15 [INFO]:#重试第0次抓取   com.tzc.job.SpiderContest.spiderContest(SpiderContest.java:106) 
2013-06-30 09:34:16 [INFO]:#结束抓取 ： http://acm.hdu.edu.cn/vip/contest_list.php   com.tzc.job.SpiderContest.getContestIntoDB(SpiderContest.java:72) 
2013-06-30 09:34:16 [INFO]:select * from tb_regex where contest_url like '%http://acm.hdu.edu.cn/%'   net.jdiy.core.DaoImpl.ls(DaoImpl.java:189) 
2013-06-30 09:34:16 [INFO]:#开始抓取 ： http://acm.fzu.edu.cn/contest.php   com.tzc.job.SpiderContest.getContestIntoDB(SpiderContest.java:70) 
2013-06-30 09:34:16 [INFO]:#重试第0次抓取   com.tzc.job.SpiderContest.spiderContest(SpiderContest.java:106) 
2013-06-30 09:34:21 [INFO]:#结束抓取 ： http://acm.fzu.edu.cn/contest.php   com.tzc.job.SpiderContest.getContestIntoDB(SpiderContest.java:72) 
2013-06-30 09:34:21 [INFO]:select * from tb_regex where contest_url like '%http://acm.fzu.edu.cn/%'   net.jdiy.core.DaoImpl.ls(DaoImpl.java:189) 
2013-06-30 09:34:21 [INFO]:insert ignore into tb_contest_info(oj,link,name,start_time,week,access) values('FZU','http://acm.fzu.edu.cn/contest/index.php?cid=129','福州大学第十届程序设计竞赛','2013-4-29 13:00:00','Mon','Public')   net.jdiy.core.DaoImpl.exec(DaoImpl.java:151) 
2013-06-30 09:34:21 [INFO]:影响的记录行数: 1。   net.jdiy.core.DaoImpl.exec(DaoImpl.java:153) 
2013-06-30 09:34:21 [INFO]:insert ignore into tb_contest_info(oj,link,name,start_time,week,access) values('FZU','http://acm.fzu.edu.cn/contest/index.php?cid=128','第十一届福建师范大学校程序设计竞赛','2013-4-14 8:00:00','Sun','Private')   net.jdiy.core.DaoImpl.exec(DaoImpl.java:151) 
2013-06-30 09:34:21 [INFO]:影响的记录行数: 1。   net.jdiy.core.DaoImpl.exec(DaoImpl.java:153) 
2013-06-30 09:34:21 [INFO]:insert ignore into tb_contest_info(oj,link,name,start_time,week,access) values('FZU','http://acm.fzu.edu.cn/contest/index.php?cid=127','第十一届福建师范大学校程序设计竞赛热身赛','2013-4-13 14:30:00','Sat','Private')   net.jdiy.core.DaoImpl.exec(DaoImpl.java:151) 
2013-06-30 09:34:21 [INFO]:影响的记录行数: 1。   net.jdiy.core.DaoImpl.exec(DaoImpl.java:153) 
2013-06-30 09:34:21 [INFO]:insert ignore into tb_contest_info(oj,link,name,start_time,week,access) values('FZU','http://acm.fzu.edu.cn/contest/index.php?cid=126','FOJ有奖月赛-2013年4月（校赛热身赛）','2013-4-6 13:00:00','Sat','Public')   net.jdiy.core.DaoImpl.exec(DaoImpl.java:151) 
2013-06-30 09:34:21 [INFO]:影响的记录行数: 1。   net.jdiy.core.DaoImpl.exec(DaoImpl.java:153) 
2013-06-30 09:34:21 [INFO]:insert ignore into tb_contest_info(oj,link,name,start_time,week,access) values('FZU','http://acm.fzu.edu.cn/contest/index.php?cid=125','“高教社杯”第三届福建省大学生程序设计竞赛','2012-12-2 15:00:00','Sun','Public')   net.jdiy.core.DaoImpl.exec(DaoImpl.java:151) 
2013-06-30 09:34:21 [INFO]:影响的记录行数: 1。   net.jdiy.core.DaoImpl.exec(DaoImpl.java:153) 
2013-06-30 09:34:21 [INFO]:insert ignore into tb_contest_info(oj,link,name,start_time,week,access) values('FZU','http://acm.fzu.edu.cn/contest/index.php?cid=124','FOJ有奖月赛-2012年11月','2012-11-25 12:00:00','Sun','Public')   net.jdiy.core.DaoImpl.exec(DaoImpl.java:151) 
2013-06-30 09:34:21 [INFO]:影响的记录行数: 1。   net.jdiy.core.DaoImpl.exec(DaoImpl.java:153) 
2013-06-30 09:34:21 [INFO]:insert ignore into tb_contest_info(oj,link,name,start_time,week,access) values('FZU','http://acm.fzu.edu.cn/contest/index.php?cid=123','“高教社杯”第三届福建省大学生程序设计竞赛熟悉环境赛','2012-11-28 12:00:00','Wed','Public')   net.jdiy.core.DaoImpl.exec(DaoImpl.java:151) 
2013-06-30 09:34:22 [INFO]:影响的记录行数: 1。   net.jdiy.core.DaoImpl.exec(DaoImpl.java:153) 
2013-06-30 09:34:22 [INFO]:insert ignore into tb_contest_info(oj,link,name,start_time,week,access) values('FZU','http://acm.fzu.edu.cn/contest/index.php?cid=122','2012年福州大学数学与计算机科学学院院赛资格赛','2012-10-28 19:00:00','Sun','Private')   net.jdiy.core.DaoImpl.exec(DaoImpl.java:151) 
2013-06-30 09:34:22 [INFO]:影响的记录行数: 1。   net.jdiy.core.DaoImpl.exec(DaoImpl.java:153) 
2013-06-30 09:34:22 [INFO]:insert ignore into tb_contest_info(oj,link,name,start_time,week,access) values('FZU','http://acm.fzu.edu.cn/contest/index.php?cid=121','福州大学第九届程序设计竞赛','2012-4-28 13:00:00','Sat','Public')   net.jdiy.core.DaoImpl.exec(DaoImpl.java:151) 
2013-06-30 09:34:22 [INFO]:影响的记录行数: 1。   net.jdiy.core.DaoImpl.exec(DaoImpl.java:153) 
2013-06-30 09:34:22 [INFO]:insert ignore into tb_contest_info(oj,link,name,start_time,week,access) values('FZU','http://acm.fzu.edu.cn/contest/index.php?cid=120','FOJ有奖月赛-2012年4月（校赛热身赛）','2012-4-15 13:00:00','Sun','Public')   net.jdiy.core.DaoImpl.exec(DaoImpl.java:151) 
2013-06-30 09:34:22 [INFO]:影响的记录行数: 1。   net.jdiy.core.DaoImpl.exec(DaoImpl.java:153) 
2013-06-30 09:34:22 [INFO]:insert ignore into tb_contest_info(oj,link,name,start_time,week,access) values('FZU','http://acm.fzu.edu.cn/contest/index.php?cid=119','FOJ有奖月赛-2012年3月','2012-3-25 13:00:00','Sun','Public')   net.jdiy.core.DaoImpl.exec(DaoImpl.java:151) 
2013-06-30 09:34:22 [INFO]:影响的记录行数: 1。   net.jdiy.core.DaoImpl.exec(DaoImpl.java:153) 
2013-06-30 09:34:22 [INFO]:insert ignore into tb_contest_info(oj,link,name,start_time,week,access) values('FZU','http://acm.fzu.edu.cn/contest/index.php?cid=118','FOJ有奖月赛-2011年12月','2011-12-11 13:00:00','Sun','Public')   net.jdiy.core.DaoImpl.exec(DaoImpl.java:151) 
2013-06-30 09:34:22 [INFO]:影响的记录行数: 1。   net.jdiy.core.DaoImpl.exec(DaoImpl.java:153) 
2013-06-30 09:34:22 [INFO]:insert ignore into tb_contest_info(oj,link,name,start_time,week,access) values('FZU','http://acm.fzu.edu.cn/contest/index.php?cid=117','FOJ有奖月赛-2011年11月','2011-11-13 13:00:00','Sun','Public')   net.jdiy.core.DaoImpl.exec(DaoImpl.java:151) 
2013-06-30 09:34:22 [INFO]:影响的记录行数: 1。   net.jdiy.core.DaoImpl.exec(DaoImpl.java:153) 
2013-06-30 09:34:22 [INFO]:insert ignore into tb_contest_info(oj,link,name,start_time,week,access) values('FZU','http://acm.fzu.edu.cn/contest/index.php?cid=116','2011 Multi-University Training Contest (13)','2011-8-25 12:00:00','Thu','Private')   net.jdiy.core.DaoImpl.exec(DaoImpl.java:151) 
2013-06-30 09:34:22 [INFO]:影响的记录行数: 1。   net.jdiy.core.DaoImpl.exec(DaoImpl.java:153) 
2013-06-30 09:34:22 [INFO]:insert ignore into tb_contest_info(oj,link,name,start_time,week,access) values('FZU','http://acm.fzu.edu.cn/contest/index.php?cid=115','2011年全国大学生程序设计邀请赛（福州）','2011-5-28 13:00:00','Sat','Public')   net.jdiy.core.DaoImpl.exec(DaoImpl.java:151) 
2013-06-30 09:34:22 [INFO]:影响的记录行数: 1。   net.jdiy.core.DaoImpl.exec(DaoImpl.java:153) 
2013-06-30 09:34:22 [INFO]:insert ignore into tb_contest_info(oj,link,name,start_time,week,access) values('FZU','http://acm.fzu.edu.cn/contest/index.php?cid=114','福州大学第八届程序设计竞赛','2011-4-30 13:00:00','Sat','Public')   net.jdiy.core.DaoImpl.exec(DaoImpl.java:151) 
2013-06-30 09:34:22 [INFO]:影响的记录行数: 1。   net.jdiy.core.DaoImpl.exec(DaoImpl.java:153) 
2013-06-30 09:34:22 [INFO]:insert ignore into tb_contest_info(oj,link,name,start_time,week,access) values('FZU','http://acm.fzu.edu.cn/contest/index.php?cid=113','FOJ有奖月赛-2011年04月（校赛热身赛）','2011-4-17 13:30:00','Sun','Public')   net.jdiy.core.DaoImpl.exec(DaoImpl.java:151) 
2013-06-30 09:34:22 [INFO]:影响的记录行数: 1。   net.jdiy.core.DaoImpl.exec(DaoImpl.java:153) 
2013-06-30 09:34:22 [INFO]:insert ignore into tb_contest_info(oj,link,name,start_time,week,access) values('FZU','http://acm.fzu.edu.cn/contest/index.php?cid=112','FOJ有奖月赛-2011年03月','2011-3-20 13:00:00','Sun','Public')   net.jdiy.core.DaoImpl.exec(DaoImpl.java:151) 
2013-06-30 09:34:22 [INFO]:影响的记录行数: 1。   net.jdiy.core.DaoImpl.exec(DaoImpl.java:153) 
2013-06-30 09:34:22 [INFO]:insert ignore into tb_contest_info(oj,link,name,start_time,week,access) values('FZU','http://acm.fzu.edu.cn/contest/index.php?cid=111','FOJ有奖月赛-2010年12月','2010-12-26 12:00:00','Sun','Public')   net.jdiy.core.DaoImpl.exec(DaoImpl.java:151) 
2013-06-30 09:34:22 [INFO]:影响的记录行数: 1。   net.jdiy.core.DaoImpl.exec(DaoImpl.java:153) 
2013-06-30 09:34:22 [INFO]:insert ignore into tb_contest_info(oj,link,name,start_time,week,access) values('FZU','http://acm.fzu.edu.cn/contest/index.php?cid=110','2011ACM冬季讲座专题训练--搜索与动态规划','2010-12-18 20:00:00','Sat','Public')   net.jdiy.core.DaoImpl.exec(DaoImpl.java:151) 
2013-06-30 09:34:22 [INFO]:影响的记录行数: 1。   net.jdiy.core.DaoImpl.exec(DaoImpl.java:153) 
2013-06-30 09:35:47 [INFO]:欢迎使用JDiy框架! (应用模式：javaSE. 本地化语言：zh_CN 简体中文)   net.jdiy.core.JDiyContext.newInstance(JDiyContext.java:35) 
2013-06-30 09:35:47 [INFO]:已经载入JDiy配置文件,正在验证配置文件的有效性......   net.jdiy.core.ContextImpl.loadXml(ContextImpl.java:137) 
2013-06-30 09:35:47 [INFO]:配置文件验证通过,正在载入配置信息...   net.jdiy.core.ContextImpl.loadXml(ContextImpl.java:145) 
2013-06-30 09:35:47 [INFO]:配置定义为显示SQL语句,如需隐藏SQL语句,请更改JDiy配置文件设置databases节点的属性showSql=false。   net.jdiy.core.ContextImpl.processDatabase(ContextImpl.java:153) 
2013-06-30 09:35:47 [INFO]:默认数据库为 'def'   net.jdiy.core.ContextImpl.processDatabase(ContextImpl.java:157) 
2013-06-30 09:35:47 [INFO]:已配置了2个数据库连接。   net.jdiy.core.ContextImpl.processDatabase(ContextImpl.java:160) 
2013-06-30 09:35:47 [INFO]:JDiy核心配置已经成功加载！   net.jdiy.core.ContextImpl.<init>(ContextImpl.java:37) 
2013-06-30 09:35:47 [INFO]:成功注册连接池:jdbc:mysql://127.0.0.1:3306/spiderinfo?useUnicode=true&characterEncoding=UTF8&characterSetResults=UTF8   net.jdiy.core.db.ConnPool.create(ConnPool.java:128) 
2013-06-30 09:35:48 [INFO]:select * from tb_contest where is_frozen = 0   net.jdiy.core.DaoImpl.ls(DaoImpl.java:189) 
2013-06-30 09:35:48 [INFO]:#开始抓取 ： http://acm.hdu.edu.cn/vip/contest_list.php   com.tzc.job.SpiderContest.getContestIntoDB(SpiderContest.java:70) 
2013-06-30 09:35:48 [INFO]:#重试第0次抓取   com.tzc.job.SpiderContest.spiderContest(SpiderContest.java:106) 
2013-06-30 09:35:48 [INFO]:#结束抓取 ： http://acm.hdu.edu.cn/vip/contest_list.php   com.tzc.job.SpiderContest.getContestIntoDB(SpiderContest.java:72) 
2013-06-30 09:35:48 [INFO]:select * from tb_regex where contest_url like '%http://acm.hdu.edu.cn/%'   net.jdiy.core.DaoImpl.ls(DaoImpl.java:189) 
2013-06-30 09:52:48 [INFO]:欢迎使用JDiy框架! (应用模式：javaSE. 本地化语言：zh_CN 简体中文)   net.jdiy.core.JDiyContext.newInstance(JDiyContext.java:35) 
2013-06-30 09:52:48 [INFO]:已经载入JDiy配置文件,正在验证配置文件的有效性......   net.jdiy.core.ContextImpl.loadXml(ContextImpl.java:137) 
2013-06-30 09:52:48 [INFO]:配置文件验证通过,正在载入配置信息...   net.jdiy.core.ContextImpl.loadXml(ContextImpl.java:145) 
2013-06-30 09:52:49 [INFO]:配置定义为显示SQL语句,如需隐藏SQL语句,请更改JDiy配置文件设置databases节点的属性showSql=false。   net.jdiy.core.ContextImpl.processDatabase(ContextImpl.java:153) 
2013-06-30 09:52:49 [INFO]:默认数据库为 'def'   net.jdiy.core.ContextImpl.processDatabase(ContextImpl.java:157) 
2013-06-30 09:52:49 [INFO]:已配置了2个数据库连接。   net.jdiy.core.ContextImpl.processDatabase(ContextImpl.java:160) 
2013-06-30 09:52:49 [INFO]:JDiy核心配置已经成功加载！   net.jdiy.core.ContextImpl.<init>(ContextImpl.java:37) 
2013-06-30 09:52:49 [INFO]:成功注册连接池:jdbc:mysql://127.0.0.1:3306/spiderinfo?useUnicode=true&characterEncoding=UTF8&characterSetResults=UTF8   net.jdiy.core.db.ConnPool.create(ConnPool.java:128) 
2013-06-30 09:52:49 [INFO]:select * from tb_contest where is_frozen = 0   net.jdiy.core.DaoImpl.ls(DaoImpl.java:189) 
2013-06-30 09:52:49 [INFO]:#开始抓取 ： http://acm.uestc.edu.cn/contests.php   com.tzc.job.SpiderContest.getContestIntoDB(SpiderContest.java:70) 
2013-06-30 09:52:49 [INFO]:#重试第0次抓取   com.tzc.job.SpiderContest.spiderContest(SpiderContest.java:106) 
2013-06-30 09:53:01 [INFO]:#重试第0次抓取   com.tzc.job.SpiderContest.spiderContest(SpiderContest.java:106) 
2013-06-30 09:53:01 [INFO]:#重试第0次抓取   com.tzc.job.SpiderContest.spiderContest(SpiderContest.java:106) 
2013-06-30 09:53:01 [INFO]:#结束抓取 ： http://acm.uestc.edu.cn/contests.php   com.tzc.job.SpiderContest.getContestIntoDB(SpiderContest.java:72) 
2013-06-30 09:53:01 [INFO]:select * from tb_regex where contest_url like '%http://acm.uestc.edu.cn/%'   net.jdiy.core.DaoImpl.ls(DaoImpl.java:189) 
2013-06-30 09:55:54 [INFO]:欢迎使用JDiy框架! (应用模式：javaSE. 本地化语言：zh_CN 简体中文)   net.jdiy.core.JDiyContext.newInstance(JDiyContext.java:35) 
2013-06-30 09:55:54 [INFO]:已经载入JDiy配置文件,正在验证配置文件的有效性......   net.jdiy.core.ContextImpl.loadXml(ContextImpl.java:137) 
2013-06-30 09:55:54 [INFO]:配置文件验证通过,正在载入配置信息...   net.jdiy.core.ContextImpl.loadXml(ContextImpl.java:145) 
2013-06-30 09:55:54 [INFO]:配置定义为显示SQL语句,如需隐藏SQL语句,请更改JDiy配置文件设置databases节点的属性showSql=false。   net.jdiy.core.ContextImpl.processDatabase(ContextImpl.java:153) 
2013-06-30 09:55:54 [INFO]:默认数据库为 'def'   net.jdiy.core.ContextImpl.processDatabase(ContextImpl.java:157) 
2013-06-30 09:55:54 [INFO]:已配置了2个数据库连接。   net.jdiy.core.ContextImpl.processDatabase(ContextImpl.java:160) 
2013-06-30 09:55:54 [INFO]:JDiy核心配置已经成功加载！   net.jdiy.core.ContextImpl.<init>(ContextImpl.java:37) 
2013-06-30 09:55:54 [INFO]:成功注册连接池:jdbc:mysql://127.0.0.1:3306/spiderinfo?useUnicode=true&characterEncoding=UTF8&characterSetResults=UTF8   net.jdiy.core.db.ConnPool.create(ConnPool.java:128) 
2013-06-30 09:55:54 [INFO]:select * from tb_contest where is_frozen = 0   net.jdiy.core.DaoImpl.ls(DaoImpl.java:189) 
2013-06-30 09:55:54 [INFO]:#开始抓取 ： http://acm.uestc.edu.cn/contests.php   com.tzc.job.SpiderContest.getContestIntoDB(SpiderContest.java:70) 
2013-06-30 09:55:54 [INFO]:#重试第0次抓取   com.tzc.job.SpiderContest.spiderContest(SpiderContest.java:106) 
2013-06-30 09:55:55 [INFO]:#结束抓取 ： http://acm.uestc.edu.cn/contests.php   com.tzc.job.SpiderContest.getContestIntoDB(SpiderContest.java:72) 
2013-06-30 09:55:55 [INFO]:select * from tb_regex where contest_url like '%http://acm.uestc.edu.cn/%'   net.jdiy.core.DaoImpl.ls(DaoImpl.java:189) 
2013-06-30 09:56:40 [INFO]:欢迎使用JDiy框架! (应用模式：javaSE. 本地化语言：zh_CN 简体中文)   net.jdiy.core.JDiyContext.newInstance(JDiyContext.java:35) 
2013-06-30 09:56:40 [INFO]:已经载入JDiy配置文件,正在验证配置文件的有效性......   net.jdiy.core.ContextImpl.loadXml(ContextImpl.java:137) 
2013-06-30 09:56:40 [INFO]:配置文件验证通过,正在载入配置信息...   net.jdiy.core.ContextImpl.loadXml(ContextImpl.java:145) 
2013-06-30 09:56:40 [INFO]:配置定义为显示SQL语句,如需隐藏SQL语句,请更改JDiy配置文件设置databases节点的属性showSql=false。   net.jdiy.core.ContextImpl.processDatabase(ContextImpl.java:153) 
2013-06-30 09:56:40 [INFO]:默认数据库为 'def'   net.jdiy.core.ContextImpl.processDatabase(ContextImpl.java:157) 
2013-06-30 09:56:40 [INFO]:已配置了2个数据库连接。   net.jdiy.core.ContextImpl.processDatabase(ContextImpl.java:160) 
2013-06-30 09:56:40 [INFO]:JDiy核心配置已经成功加载！   net.jdiy.core.ContextImpl.<init>(ContextImpl.java:37) 
2013-06-30 09:56:40 [INFO]:成功注册连接池:jdbc:mysql://127.0.0.1:3306/spiderinfo?useUnicode=true&characterEncoding=UTF8&characterSetResults=UTF8   net.jdiy.core.db.ConnPool.create(ConnPool.java:128) 
2013-06-30 09:56:40 [INFO]:select * from tb_contest where is_frozen = 0   net.jdiy.core.DaoImpl.ls(DaoImpl.java:189) 
2013-06-30 09:56:40 [INFO]:#开始抓取 ： http://acm.uestc.edu.cn/contests.php   com.tzc.job.SpiderContest.getContestIntoDB(SpiderContest.java:70) 
2013-06-30 09:56:40 [INFO]:#重试第0次抓取   com.tzc.job.SpiderContest.spiderContest(SpiderContest.java:106) 
2013-06-30 09:56:41 [INFO]:#结束抓取 ： http://acm.uestc.edu.cn/contests.php   com.tzc.job.SpiderContest.getContestIntoDB(SpiderContest.java:72) 
2013-06-30 09:56:41 [INFO]:select * from tb_regex where contest_url like '%http://acm.uestc.edu.cn/%'   net.jdiy.core.DaoImpl.ls(DaoImpl.java:189) 
2013-06-30 09:56:42 [INFO]:insert ignore into tb_contest_info(oj,link,name,start_time,week,access) values('UESTC','http://acm.uestc.edu.cn/','2013 UESTC ACM-ICPC Summer Training Team Selection (4)','2013-6-30 12:00:00','Sun','Public')   net.jdiy.core.DaoImpl.exec(DaoImpl.java:151) 
2013-06-30 09:56:42 [INFO]:影响的记录行数: 1。   net.jdiy.core.DaoImpl.exec(DaoImpl.java:153) 
2013-06-30 09:56:42 [INFO]:insert ignore into tb_contest_info(oj,link,name,start_time,week,access) values('UESTC','http://acm.uestc.edu.cn/','2013 UESTC ACM Training for Math','2013-6-22 12:00:00','Sat','Public')   net.jdiy.core.DaoImpl.exec(DaoImpl.java:151) 
2013-06-30 09:56:42 [INFO]:影响的记录行数: 1。   net.jdiy.core.DaoImpl.exec(DaoImpl.java:153) 
2013-06-30 09:56:42 [INFO]:insert ignore into tb_contest_info(oj,link,name,start_time,week,access) values('UESTC','http://acm.uestc.edu.cn/','2013 UESTC ACM-ICPC Summer Training Team Selection (3)','2013-6-20 12:00:00','Thu','Public')   net.jdiy.core.DaoImpl.exec(DaoImpl.java:151) 
2013-06-30 09:56:42 [INFO]:影响的记录行数: 1。   net.jdiy.core.DaoImpl.exec(DaoImpl.java:153) 
2013-06-30 09:56:42 [INFO]:insert ignore into tb_contest_info(oj,link,name,start_time,week,access) values('UESTC','http://acm.uestc.edu.cn/','2013 UESTC ACM Training for Graph Theory','2013-6-10 12:00:00','Mon','Public')   net.jdiy.core.DaoImpl.exec(DaoImpl.java:151) 
2013-06-30 09:56:42 [INFO]:影响的记录行数: 1。   net.jdiy.core.DaoImpl.exec(DaoImpl.java:153) 
2013-06-30 09:56:42 [INFO]:insert ignore into tb_contest_info(oj,link,name,start_time,week,access) values('UESTC','http://acm.uestc.edu.cn/','2013 UESTC ACM-ICPC Summer Training Team Selection (2)','2013-6-2 12:00:00','Sun','Public')   net.jdiy.core.DaoImpl.exec(DaoImpl.java:151) 
2013-06-30 09:56:42 [INFO]:影响的记录行数: 1。   net.jdiy.core.DaoImpl.exec(DaoImpl.java:153) 
2013-06-30 09:56:42 [INFO]:insert ignore into tb_contest_info(oj,link,name,start_time,week,access) values('UESTC','http://acm.uestc.edu.cn/','SCOI2013','2013-5-27 0:00:00','Mon','Private')   net.jdiy.core.DaoImpl.exec(DaoImpl.java:151) 
2013-06-30 09:56:42 [INFO]:影响的记录行数: 1。   net.jdiy.core.DaoImpl.exec(DaoImpl.java:153) 
2013-06-30 09:56:42 [INFO]:insert ignore into tb_contest_info(oj,link,name,start_time,week,access) values('UESTC','http://acm.uestc.edu.cn/','2013 UESTC ACM Training for Dynamic Programming','2013-5-25 12:00:00','Sat','Public')   net.jdiy.core.DaoImpl.exec(DaoImpl.java:151) 
2013-06-30 09:56:42 [INFO]:影响的记录行数: 1。   net.jdiy.core.DaoImpl.exec(DaoImpl.java:153) 
2013-06-30 09:56:42 [INFO]:insert ignore into tb_contest_info(oj,link,name,start_time,week,access) values('UESTC','http://acm.uestc.edu.cn/','2013 UESTC ACM-ICPC Summer Training Team Selection (1)','2013-5-19 12:00:00','Sun','Public')   net.jdiy.core.DaoImpl.exec(DaoImpl.java:151) 
2013-06-30 09:56:42 [INFO]:影响的记录行数: 1。   net.jdiy.core.DaoImpl.exec(DaoImpl.java:153) 
2013-06-30 09:56:42 [INFO]:insert ignore into tb_contest_info(oj,link,name,start_time,week,access) values('UESTC','http://acm.uestc.edu.cn/','2013 UESTC ACM Training for Search Algorithm','2013-5-9 12:00:00','Thu','Public')   net.jdiy.core.DaoImpl.exec(DaoImpl.java:151) 
2013-06-30 09:56:42 [INFO]:影响的记录行数: 1。   net.jdiy.core.DaoImpl.exec(DaoImpl.java:153) 
2013-06-30 09:56:42 [INFO]:insert ignore into tb_contest_info(oj,link,name,start_time,week,access) values('UESTC','http://acm.uestc.edu.cn/','UESTC Training 5.5','2013-5-5 12:00:00','Sun','Private')   net.jdiy.core.DaoImpl.exec(DaoImpl.java:151) 
2013-06-30 09:56:42 [INFO]:影响的记录行数: 1。   net.jdiy.core.DaoImpl.exec(DaoImpl.java:153) 
2013-06-30 09:56:42 [INFO]:insert ignore into tb_contest_info(oj,link,name,start_time,week,access) values('UESTC','http://acm.uestc.edu.cn/','2013 UESTC ACM Training for Data Structure','2013-4-29 12:00:00','Mon','Public')   net.jdiy.core.DaoImpl.exec(DaoImpl.java:151) 
2013-06-30 09:56:42 [INFO]:影响的记录行数: 1。   net.jdiy.core.DaoImpl.exec(DaoImpl.java:153) 
2013-06-30 09:56:42 [INFO]:insert ignore into tb_contest_info(oj,link,name,start_time,week,access) values('UESTC','http://acm.uestc.edu.cn/','The 11th UESTC Programming Contest Final (Public)','2013-4-13 12:00:00','Sat','Public')   net.jdiy.core.DaoImpl.exec(DaoImpl.java:151) 
2013-06-30 09:56:42 [INFO]:影响的记录行数: 1。   net.jdiy.core.DaoImpl.exec(DaoImpl.java:153) 
2013-06-30 09:56:42 [INFO]:insert ignore into tb_contest_info(oj,link,name,start_time,week,access) values('UESTC','http://acm.uestc.edu.cn/','The 11th UESTC Programming Contest Final (Private)','2013-4-7 15:00:00','Sun','Private')   net.jdiy.core.DaoImpl.exec(DaoImpl.java:151) 
2013-06-30 09:56:42 [INFO]:影响的记录行数: 1。   net.jdiy.core.DaoImpl.exec(DaoImpl.java:153) 
2013-06-30 09:56:42 [INFO]:insert ignore into tb_contest_info(oj,link,name,start_time,week,access) values('UESTC','http://acm.uestc.edu.cn/','The 11th UESTC Programming Contest Final','2013-4-6 12:35:00','Sat','Private')   net.jdiy.core.DaoImpl.exec(DaoImpl.java:151) 
2013-06-30 09:56:42 [INFO]:影响的记录行数: 1。   net.jdiy.core.DaoImpl.exec(DaoImpl.java:153) 
2013-06-30 09:56:42 [INFO]:insert ignore into tb_contest_info(oj,link,name,start_time,week,access) values('UESTC','http://acm.uestc.edu.cn/','The 11th UESTC Programming Contest Warmup #3','2013-4-6 9:50:00','Sat','Public')   net.jdiy.core.DaoImpl.exec(DaoImpl.java:151) 
2013-06-30 09:56:42 [INFO]:影响的记录行数: 1。   net.jdiy.core.DaoImpl.exec(DaoImpl.java:153) 
2013-06-30 09:56:42 [INFO]:insert ignore into tb_contest_info(oj,link,name,start_time,week,access) values('UESTC','http://acm.uestc.edu.cn/','a+b','2013-4-5 15:30:00','Fri','Public')   net.jdiy.core.DaoImpl.exec(DaoImpl.java:151) 
2013-06-30 09:56:42 [INFO]:影响的记录行数: 1。   net.jdiy.core.DaoImpl.exec(DaoImpl.java:153) 
2013-06-30 09:56:42 [INFO]:insert ignore into tb_contest_info(oj,link,name,start_time,week,access) values('UESTC','http://acm.uestc.edu.cn/','The 11th UESTC Programming Contest Preliminary','2013-3-30 9:00:00','Sat','Private')   net.jdiy.core.DaoImpl.exec(DaoImpl.java:151) 
2013-06-30 09:56:42 [INFO]:影响的记录行数: 1。   net.jdiy.core.DaoImpl.exec(DaoImpl.java:153) 
2013-06-30 09:56:42 [INFO]:insert ignore into tb_contest_info(oj,link,name,start_time,week,access) values('UESTC','http://acm.uestc.edu.cn/','The 11th UESTC Programming Contest Warmup #2','2013-3-28 9:00:00','Thu','Private')   net.jdiy.core.DaoImpl.exec(DaoImpl.java:151) 
2013-06-30 09:56:42 [INFO]:影响的记录行数: 1。   net.jdiy.core.DaoImpl.exec(DaoImpl.java:153) 
2013-06-30 09:56:42 [INFO]:insert ignore into tb_contest_info(oj,link,name,start_time,week,access) values('UESTC','http://acm.uestc.edu.cn/','The 11th UESTC Programming Contest Warmup #1','2013-3-23 12:30:00','Sat','Public')   net.jdiy.core.DaoImpl.exec(DaoImpl.java:151) 
2013-06-30 09:56:42 [INFO]:影响的记录行数: 1。   net.jdiy.core.DaoImpl.exec(DaoImpl.java:153) 
2013-06-30 09:56:42 [INFO]:insert ignore into tb_contest_info(oj,link,name,start_time,week,access) values('UESTC','http://acm.uestc.edu.cn/','微固学院&计算机学院兴趣小组每周一练（3）','2012-12-18 20:00:00','Tue','Public')   net.jdiy.core.DaoImpl.exec(DaoImpl.java:151) 
2013-06-30 09:56:42 [INFO]:影响的记录行数: 1。   net.jdiy.core.DaoImpl.exec(DaoImpl.java:153) 
2013-06-30 09:58:23 [INFO]:欢迎使用JDiy框架! (应用模式：javaSE. 本地化语言：zh_CN 简体中文)   net.jdiy.core.JDiyContext.newInstance(JDiyContext.java:35) 
2013-06-30 09:58:23 [INFO]:已经载入JDiy配置文件,正在验证配置文件的有效性......   net.jdiy.core.ContextImpl.loadXml(ContextImpl.java:137) 
2013-06-30 09:58:23 [INFO]:配置文件验证通过,正在载入配置信息...   net.jdiy.core.ContextImpl.loadXml(ContextImpl.java:145) 
2013-06-30 09:58:23 [INFO]:配置定义为显示SQL语句,如需隐藏SQL语句,请更改JDiy配置文件设置databases节点的属性showSql=false。   net.jdiy.core.ContextImpl.processDatabase(ContextImpl.java:153) 
2013-06-30 09:58:23 [INFO]:默认数据库为 'def'   net.jdiy.core.ContextImpl.processDatabase(ContextImpl.java:157) 
2013-06-30 09:58:23 [INFO]:已配置了2个数据库连接。   net.jdiy.core.ContextImpl.processDatabase(ContextImpl.java:160) 
2013-06-30 09:58:23 [INFO]:JDiy核心配置已经成功加载！   net.jdiy.core.ContextImpl.<init>(ContextImpl.java:37) 
2013-06-30 09:58:23 [INFO]:成功注册连接池:jdbc:mysql://127.0.0.1:3306/spiderinfo?useUnicode=true&characterEncoding=UTF8&characterSetResults=UTF8   net.jdiy.core.db.ConnPool.create(ConnPool.java:128) 
2013-06-30 09:58:23 [INFO]:select * from tb_contest where is_frozen = 0   net.jdiy.core.DaoImpl.ls(DaoImpl.java:189) 
2013-06-30 09:58:23 [INFO]:#开始抓取 ： http://acm.uestc.edu.cn/contests.php   com.tzc.job.SpiderContest.getContestIntoDB(SpiderContest.java:70) 
2013-06-30 09:58:23 [INFO]:#重试第0次抓取   com.tzc.job.SpiderContest.spiderContest(SpiderContest.java:106) 
2013-06-30 09:58:25 [INFO]:#结束抓取 ： http://acm.uestc.edu.cn/contests.php   com.tzc.job.SpiderContest.getContestIntoDB(SpiderContest.java:72) 
2013-06-30 09:58:25 [INFO]:select * from tb_regex where contest_url like '%http://acm.uestc.edu.cn/%'   net.jdiy.core.DaoImpl.ls(DaoImpl.java:189) 
2013-06-30 09:58:25 [INFO]:insert ignore into tb_contest_info(oj,link,name,start_time,week,access) values('UESTC','http://acm.uestc.edu.cn/contest.php?cid=220','2013 UESTC ACM-ICPC Summer Training Team Selection (4)','2013-6-30 12:00:00','Sun','Public')   net.jdiy.core.DaoImpl.exec(DaoImpl.java:151) 
2013-06-30 09:58:25 [INFO]:影响的记录行数: 1。   net.jdiy.core.DaoImpl.exec(DaoImpl.java:153) 
2013-06-30 09:58:25 [INFO]:insert ignore into tb_contest_info(oj,link,name,start_time,week,access) values('UESTC','http://acm.uestc.edu.cn/contest.php?cid=221','2013 UESTC ACM Training for Math','2013-6-22 12:00:00','Sat','Public')   net.jdiy.core.DaoImpl.exec(DaoImpl.java:151) 
2013-06-30 09:58:25 [INFO]:影响的记录行数: 1。   net.jdiy.core.DaoImpl.exec(DaoImpl.java:153) 
2013-06-30 09:58:25 [INFO]:insert ignore into tb_contest_info(oj,link,name,start_time,week,access) values('UESTC','http://acm.uestc.edu.cn/contest.php?cid=219','2013 UESTC ACM-ICPC Summer Training Team Selection (3)','2013-6-20 12:00:00','Thu','Public')   net.jdiy.core.DaoImpl.exec(DaoImpl.java:151) 
2013-06-30 09:58:25 [INFO]:影响的记录行数: 1。   net.jdiy.core.DaoImpl.exec(DaoImpl.java:153) 
2013-06-30 09:58:25 [INFO]:insert ignore into tb_contest_info(oj,link,name,start_time,week,access) values('UESTC','http://acm.uestc.edu.cn/contest.php?cid=218','2013 UESTC ACM Training for Graph Theory','2013-6-10 12:00:00','Mon','Public')   net.jdiy.core.DaoImpl.exec(DaoImpl.java:151) 
2013-06-30 09:58:25 [INFO]:影响的记录行数: 1。   net.jdiy.core.DaoImpl.exec(DaoImpl.java:153) 
2013-06-30 09:58:25 [INFO]:insert ignore into tb_contest_info(oj,link,name,start_time,week,access) values('UESTC','http://acm.uestc.edu.cn/contest.php?cid=217','2013 UESTC ACM-ICPC Summer Training Team Selection (2)','2013-6-2 12:00:00','Sun','Public')   net.jdiy.core.DaoImpl.exec(DaoImpl.java:151) 
2013-06-30 09:58:25 [INFO]:影响的记录行数: 1。   net.jdiy.core.DaoImpl.exec(DaoImpl.java:153) 
2013-06-30 09:58:25 [INFO]:insert ignore into tb_contest_info(oj,link,name,start_time,week,access) values('UESTC','http://acm.uestc.edu.cn/contest.php?cid=216','SCOI2013','2013-5-27 0:00:00','Mon','Private')   net.jdiy.core.DaoImpl.exec(DaoImpl.java:151) 
2013-06-30 09:58:25 [INFO]:影响的记录行数: 1。   net.jdiy.core.DaoImpl.exec(DaoImpl.java:153) 
2013-06-30 09:58:25 [INFO]:insert ignore into tb_contest_info(oj,link,name,start_time,week,access) values('UESTC','http://acm.uestc.edu.cn/contest.php?cid=215','2013 UESTC ACM Training for Dynamic Programming','2013-5-25 12:00:00','Sat','Public')   net.jdiy.core.DaoImpl.exec(DaoImpl.java:151) 
2013-06-30 09:58:25 [INFO]:影响的记录行数: 1。   net.jdiy.core.DaoImpl.exec(DaoImpl.java:153) 
2013-06-30 09:58:25 [INFO]:insert ignore into tb_contest_info(oj,link,name,start_time,week,access) values('UESTC','http://acm.uestc.edu.cn/contest.php?cid=214','2013 UESTC ACM-ICPC Summer Training Team Selection (1)','2013-5-19 12:00:00','Sun','Public')   net.jdiy.core.DaoImpl.exec(DaoImpl.java:151) 
2013-06-30 09:58:25 [INFO]:影响的记录行数: 1。   net.jdiy.core.DaoImpl.exec(DaoImpl.java:153) 
2013-06-30 09:58:25 [INFO]:insert ignore into tb_contest_info(oj,link,name,start_time,week,access) values('UESTC','http://acm.uestc.edu.cn/contest.php?cid=213','2013 UESTC ACM Training for Search Algorithm','2013-5-9 12:00:00','Thu','Public')   net.jdiy.core.DaoImpl.exec(DaoImpl.java:151) 
2013-06-30 09:58:25 [INFO]:影响的记录行数: 1。   net.jdiy.core.DaoImpl.exec(DaoImpl.java:153) 
2013-06-30 09:58:25 [INFO]:insert ignore into tb_contest_info(oj,link,name,start_time,week,access) values('UESTC','http://acm.uestc.edu.cn/contest.php?cid=212','UESTC Training 5.5','2013-5-5 12:00:00','Sun','Private')   net.jdiy.core.DaoImpl.exec(DaoImpl.java:151) 
2013-06-30 09:58:25 [INFO]:影响的记录行数: 1。   net.jdiy.core.DaoImpl.exec(DaoImpl.java:153) 
2013-06-30 09:58:25 [INFO]:insert ignore into tb_contest_info(oj,link,name,start_time,week,access) values('UESTC','http://acm.uestc.edu.cn/contest.php?cid=211','2013 UESTC ACM Training for Data Structure','2013-4-29 12:00:00','Mon','Public')   net.jdiy.core.DaoImpl.exec(DaoImpl.java:151) 
2013-06-30 09:58:25 [INFO]:影响的记录行数: 1。   net.jdiy.core.DaoImpl.exec(DaoImpl.java:153) 
2013-06-30 09:58:25 [INFO]:insert ignore into tb_contest_info(oj,link,name,start_time,week,access) values('UESTC','http://acm.uestc.edu.cn/contest.php?cid=209','The 11th UESTC Programming Contest Final (Public)','2013-4-13 12:00:00','Sat','Public')   net.jdiy.core.DaoImpl.exec(DaoImpl.java:151) 
2013-06-30 09:58:25 [INFO]:影响的记录行数: 1。   net.jdiy.core.DaoImpl.exec(DaoImpl.java:153) 
2013-06-30 09:58:25 [INFO]:insert ignore into tb_contest_info(oj,link,name,start_time,week,access) values('UESTC','http://acm.uestc.edu.cn/contest.php?cid=210','The 11th UESTC Programming Contest Final (Private)','2013-4-7 15:00:00','Sun','Private')   net.jdiy.core.DaoImpl.exec(DaoImpl.java:151) 
2013-06-30 09:58:25 [INFO]:影响的记录行数: 1。   net.jdiy.core.DaoImpl.exec(DaoImpl.java:153) 
2013-06-30 09:58:25 [INFO]:insert ignore into tb_contest_info(oj,link,name,start_time,week,access) values('UESTC','http://acm.uestc.edu.cn/contest.php?cid=207','The 11th UESTC Programming Contest Final','2013-4-6 12:35:00','Sat','Private')   net.jdiy.core.DaoImpl.exec(DaoImpl.java:151) 
2013-06-30 09:58:25 [INFO]:影响的记录行数: 1。   net.jdiy.core.DaoImpl.exec(DaoImpl.java:153) 
2013-06-30 09:58:25 [INFO]:insert ignore into tb_contest_info(oj,link,name,start_time,week,access) values('UESTC','http://acm.uestc.edu.cn/contest.php?cid=206','The 11th UESTC Programming Contest Warmup #3','2013-4-6 9:50:00','Sat','Public')   net.jdiy.core.DaoImpl.exec(DaoImpl.java:151) 
2013-06-30 09:58:25 [INFO]:影响的记录行数: 1。   net.jdiy.core.DaoImpl.exec(DaoImpl.java:153) 
2013-06-30 09:58:25 [INFO]:insert ignore into tb_contest_info(oj,link,name,start_time,week,access) values('UESTC','http://acm.uestc.edu.cn/contest.php?cid=205','a+b','2013-4-5 15:30:00','Fri','Public')   net.jdiy.core.DaoImpl.exec(DaoImpl.java:151) 
2013-06-30 09:58:25 [INFO]:影响的记录行数: 1。   net.jdiy.core.DaoImpl.exec(DaoImpl.java:153) 
2013-06-30 09:58:25 [INFO]:insert ignore into tb_contest_info(oj,link,name,start_time,week,access) values('UESTC','http://acm.uestc.edu.cn/contest.php?cid=200','The 11th UESTC Programming Contest Preliminary','2013-3-30 9:00:00','Sat','Private')   net.jdiy.core.DaoImpl.exec(DaoImpl.java:151) 
2013-06-30 09:58:25 [INFO]:影响的记录行数: 1。   net.jdiy.core.DaoImpl.exec(DaoImpl.java:153) 
2013-06-30 09:58:25 [INFO]:insert ignore into tb_contest_info(oj,link,name,start_time,week,access) values('UESTC','http://acm.uestc.edu.cn/contest.php?cid=202','The 11th UESTC Programming Contest Warmup #2','2013-3-28 9:00:00','Thu','Private')   net.jdiy.core.DaoImpl.exec(DaoImpl.java:151) 
2013-06-30 09:58:25 [INFO]:影响的记录行数: 1。   net.jdiy.core.DaoImpl.exec(DaoImpl.java:153) 
2013-06-30 09:58:25 [INFO]:insert ignore into tb_contest_info(oj,link,name,start_time,week,access) values('UESTC','http://acm.uestc.edu.cn/contest.php?cid=201','The 11th UESTC Programming Contest Warmup #1','2013-3-23 12:30:00','Sat','Public')   net.jdiy.core.DaoImpl.exec(DaoImpl.java:151) 
2013-06-30 09:58:25 [INFO]:影响的记录行数: 1。   net.jdiy.core.DaoImpl.exec(DaoImpl.java:153) 
2013-06-30 09:58:25 [INFO]:insert ignore into tb_contest_info(oj,link,name,start_time,week,access) values('UESTC','http://acm.uestc.edu.cn/contest.php?cid=199','微固学院&计算机学院兴趣小组每周一练（3）','2012-12-18 20:00:00','Tue','Public')   net.jdiy.core.DaoImpl.exec(DaoImpl.java:151) 
2013-06-30 09:58:25 [INFO]:影响的记录行数: 1。   net.jdiy.core.DaoImpl.exec(DaoImpl.java:153) 
